[Fri, 21. Jan 2022 00:10:07 CET | ID 570046221016891392] Sebitas: Whitelist add GonQ
[Fri, 21. Jan 2022 00:19:07 CET | ID 570046221016891392] Sebitas: Lightning giouwurr
[Fri, 21. Jan 2022 00:19:18 CET | ID 570046221016891392] Sebitas: Lightning giouwu
[Fri, 21. Jan 2022 00:19:41 CET | ID 570046221016891392] Sebitas: Lightning giouwur
[Fri, 21. Jan 2022 01:02:14 CET | ID 570046221016891392] Sebitas: Effect annywhite regeneration 30 5
[Fri, 21. Jan 2022 01:02:24 CET | ID 570046221016891392] Sebitas: Lightning annywhite
[Fri, 21. Jan 2022 01:02:24 CET | ID 570046221016891392] Sebitas: Lightning annywhite
[Fri, 21. Jan 2022 01:02:25 CET | ID 570046221016891392] Sebitas: Lightning annywhite
[Fri, 21. Jan 2022 01:02:26 CET | ID 570046221016891392] Sebitas: Lightning annywhite
[Fri, 21. Jan 2022 01:02:27 CET | ID 570046221016891392] Sebitas: Lightning annywhite
[Fri, 21. Jan 2022 01:02:29 CET | ID 570046221016891392] Sebitas: Lightning annywhite
[Fri, 21. Jan 2022 01:02:29 CET | ID 570046221016891392] Sebitas: Lightning annywhite
[Fri, 21. Jan 2022 01:02:31 CET | ID 570046221016891392] Sebitas: Lightning annywhite
[Fri, 21. Jan 2022 01:22:25 CET | ID 570046221016891392] Sebitas: Effect el_tonny 25 20
[Fri, 21. Jan 2022 01:37:31 CET | ID 570046221016891392] Sebitas: lp user gonq parent set subdito-obsidiana
[Fri, 21. Jan 2022 02:20:08 CET | ID 570046221016891392] Sebitas: lp user Tyriondj parent set subdito-nieve
[Fri, 21. Jan 2022 02:21:47 CET | ID 570046221016891392] Sebitas: Lag
[Fri, 21. Jan 2022 02:25:57 CET | ID 570046221016891392] Sebitas: give nan96 oxeye 1
[Fri, 21. Jan 2022 02:30:13 CET | ID 570046221016891392] Sebitas: Lagg clear
[Fri, 21. Jan 2022 02:46:32 CET | ID 570046221016891392] Sebitas: Give aslovax 278 1
[Fri, 21. Jan 2022 02:47:40 CET | ID 570046221016891392] Sebitas: Give aslovax unbreakable3 1
[Fri, 21. Jan 2022 02:48:20 CET | ID 570046221016891392] Sebitas: Lag
[Fri, 21. Jan 2022 02:48:29 CET | ID 570046221016891392] Sebitas: Lagg clear
[Fri, 21. Jan 2022 02:55:32 CET | ID 570046221016891392] Sebitas: Whitelist add polus33
[Fri, 21. Jan 2022 03:17:56 CET | ID 570046221016891392] Sebitas: Lagg clear
[Fri, 21. Jan 2022 03:18:01 CET | ID 570046221016891392] Sebitas: Lag
[Fri, 21. Jan 2022 03:36:52 CET | ID 570046221016891392] Sebitas: lp user polus33 parent set subdito-comida
[Fri, 21. Jan 2022 03:37:04 CET | ID 570046221016891392] Sebitas: Tp polus33 ckimba
[Fri, 21. Jan 2022 03:37:31 CET | ID 570046221016891392] Sebitas: Tp polus33 ckimba
[Fri, 21. Jan 2022 03:39:48 CET | ID 570046221016891392] Sebitas: Spawn itsrusita
[Fri, 21. Jan 2022 03:40:04 CET | ID 570046221016891392] Sebitas: Back itsrusita
[Fri, 21. Jan 2022 04:35:28 CET | ID 570046221016891392] Sebitas: Spawn sheldoc
[Fri, 21. Jan 2022 04:47:31 CET | ID 570046221016891392] Sebitas: List
[Fri, 21. Jan 2022 05:05:03 CET | ID 635562595620749344] zCombi_: asd
[Fri, 21. Jan 2022 05:32:07 CET | ID 932239734669983805] VippoTwitch: list
[Fri, 21. Jan 2022 06:12:37 CET | ID 570046221016891392] Sebitas: Lag
[Fri, 21. Jan 2022 06:12:49 CET | ID 570046221016891392] Sebitas: Lagg clear
[Fri, 21. Jan 2022 06:14:56 CET | ID 570046221016891392] Sebitas: Effect gonq 25 10
[Fri, 21. Jan 2022 06:56:06 CET | ID 570046221016891392] Sebitas: Give annywhite 414 12
[Fri, 21. Jan 2022 06:56:40 CET | ID 570046221016891392] Sebitas: Give AnnyWhite 414 12
[Fri, 21. Jan 2022 06:59:20 CET | ID 570046221016891392] Sebitas: Give annywhite 414 12
[Fri, 21. Jan 2022 07:08:28 CET | ID 570046221016891392] Sebitas: Spawn annywhite
[Fri, 21. Jan 2022 07:27:50 CET | ID 570046221016891392] Sebitas: Give annywhite 414 12
[Fri, 21. Jan 2022 07:28:27 CET | ID 570046221016891392] Sebitas: Give annywhite 414 12
[Fri, 21. Jan 2022 07:30:13 CET | ID 570046221016891392] Sebitas: List
[Fri, 21. Jan 2022 08:32:39 CET | ID 570046221016891392] Sebitas: Back annywhite
[Fri, 21. Jan 2022 09:55:09 CET | ID 570046221016891392] Sebitas: Lightning mikamint
[Fri, 21. Jan 2022 10:04:43 CET | ID 570046221016891392] Sebitas: List
[Fri, 21. Jan 2022 10:06:11 CET | ID 570046221016891392] Sebitas: lp user zana09 parent set subdito-cuarzo
[Fri, 21. Jan 2022 10:11:08 CET | ID 570046221016891392] Sebitas: List
[Fri, 21. Jan 2022 10:22:40 CET | ID 570046221016891392] Sebitas: Wheatear storm 1
[Fri, 21. Jan 2022 10:22:49 CET | ID 570046221016891392] Sebitas: Wheatear
[Fri, 21. Jan 2022 10:23:40 CET | ID 570046221016891392] Sebitas: Weather 1 rain
[Fri, 21. Jan 2022 10:23:52 CET | ID 570046221016891392] Sebitas: Weather
[Fri, 21. Jan 2022 10:24:12 CET | ID 570046221016891392] Sebitas: Weather 1 storm 300
[Fri, 21. Jan 2022 20:57:15 CET | ID 570046221016891392] Sebitas: List
[Fri, 21. Jan 2022 23:30:52 CET | ID 570046221016891392] Sebitas: Lag
[Fri, 21. Jan 2022 23:31:30 CET | ID 932239734669983805] VippoTwitch: mv delete Squid
[Fri, 21. Jan 2022 23:31:33 CET | ID 932239734669983805] VippoTwitch: mvconfirm
[Fri, 21. Jan 2022 23:31:49 CET | ID 932239734669983805] VippoTwitch: list
[Fri, 21. Jan 2022 23:32:51 CET | ID 570046221016891392] Sebitas: Lag
[Fri, 21. Jan 2022 23:36:53 CET | ID 570046221016891392] Sebitas: Lagg clear
