[Thu, 20. Jan 2022 00:17:30 CET | ID 570046221016891392] Sebitas: lightning valkryon365
[Thu, 20. Jan 2022 00:17:31 CET | ID 570046221016891392] Sebitas: lightning valkryon365
[Thu, 20. Jan 2022 00:33:14 CET | ID 570046221016891392] Sebitas: Tp 6mrsicario9 370 92 -1458
[Thu, 20. Jan 2022 00:47:45 CET | ID 570046221016891392] Sebitas: Lag
[Thu, 20. Jan 2022 01:16:35 CET | ID 570046221016891392] Sebitas: Spawn annywhite
[Thu, 20. Jan 2022 01:16:39 CET | ID 570046221016891392] Sebitas: Back annywhite
[Thu, 20. Jan 2022 01:59:41 CET | ID 570046221016891392] Sebitas: Tell rubiuzch rubiuuuuuuuuuuus
[Thu, 20. Jan 2022 02:11:13 CET | ID 570046221016891392] Sebitas: Lag
[Thu, 20. Jan 2022 02:23:34 CET | ID 797989549493321778] !      ✓ 𝙆𝘼𝙇𝙄𝙓𝘾𝙇𝙊𝙐𝘿: lag
[Thu, 20. Jan 2022 02:32:20 CET | ID 570046221016891392] Sebitas: List
[Thu, 20. Jan 2022 02:38:11 CET | ID 570046221016891392] Sebitas: List
[Thu, 20. Jan 2022 02:54:38 CET | ID 570046221016891392] Sebitas: Lagg clear
[Thu, 20. Jan 2022 02:55:02 CET | ID 570046221016891392] Sebitas: List
[Thu, 20. Jan 2022 02:56:18 CET | ID 570046221016891392] Sebitas: Lag
[Thu, 20. Jan 2022 02:57:45 CET | ID 570046221016891392] Sebitas: Lag
[Thu, 20. Jan 2022 02:58:04 CET | ID 570046221016891392] Sebitas: Lagg clear
[Thu, 20. Jan 2022 02:58:32 CET | ID 570046221016891392] Sebitas: Lag
[Thu, 20. Jan 2022 03:01:07 CET | ID 570046221016891392] Sebitas: tm broadcast KingdomsCraft\nGUARDAR TODO HASTA ARMADURA
[Thu, 20. Jan 2022 03:03:46 CET | ID 570046221016891392] Sebitas: Lag
[Thu, 20. Jan 2022 03:04:04 CET | ID 570046221016891392] Sebitas: Lagg clear
[Thu, 20. Jan 2022 03:04:15 CET | ID 570046221016891392] Sebitas: Lag
[Thu, 20. Jan 2022 03:05:28 CET | ID 570046221016891392] Sebitas: tm broadcast KingdomsCraft\nUltimo aviso, Guarden sus cosas
[Thu, 20. Jan 2022 03:07:22 CET | ID 570046221016891392] Sebitas: Time set day
[Thu, 20. Jan 2022 03:07:35 CET | ID 570046221016891392] Sebitas: Tp all rubiuzch
[Thu, 20. Jan 2022 03:09:53 CET | ID 570046221016891392] Sebitas: Effect all regeneration 30 2
[Thu, 20. Jan 2022 03:10:19 CET | ID 570046221016891392] Sebitas: Effect annywhite 23 10
[Thu, 20. Jan 2022 03:11:41 CET | ID 570046221016891392] Sebitas: Effect Leandro280400 23 30
[Thu, 20. Jan 2022 03:12:20 CET | ID 570046221016891392] Sebitas: Effect Mirkooff_ad01 23 30
[Thu, 20. Jan 2022 03:13:01 CET | ID 570046221016891392] Sebitas: Effect Millan0804 23 10
[Thu, 20. Jan 2022 03:13:47 CET | ID 570046221016891392] Sebitas: Effect Jordyes 23 30
[Thu, 20. Jan 2022 03:14:38 CET | ID 570046221016891392] Sebitas: Effect 6mrsicario9 23 30
[Thu, 20. Jan 2022 03:16:07 CET | ID 570046221016891392] Sebitas: Effect Cucho2910 23 30
[Thu, 20. Jan 2022 03:21:46 CET | ID 570046221016891392] Sebitas: tm broadcast KingdomsCraft\nVolver con /spawn
[Thu, 20. Jan 2022 03:22:18 CET | ID 570046221016891392] Sebitas: tm broadcast KingdomsCraft\nvimos quiénes volvieron al juego
[Thu, 20. Jan 2022 03:24:57 CET | ID 570046221016891392] Sebitas: Spawn nan96
[Thu, 20. Jan 2022 03:26:28 CET | ID 570046221016891392] Sebitas: List
[Thu, 20. Jan 2022 03:26:58 CET | ID 570046221016891392] Sebitas: tm broadcast KingdomsCraft\nEl que robó material del end
[Thu, 20. Jan 2022 03:27:16 CET | ID 570046221016891392] Sebitas: tm broadcast KingdomsCraft\ndevolverlos o serán destruidos sus reinos
[Thu, 20. Jan 2022 03:29:31 CET | ID 570046221016891392] Sebitas: tm broadcast KingdomsCraft\ndetras de la línea roja
[Thu, 20. Jan 2022 03:35:27 CET | ID 570046221016891392] Sebitas: tm broadcast KingdomsCraft\nusen /spawn los que mueran
[Thu, 20. Jan 2022 03:38:04 CET | ID 570046221016891392] Sebitas: tm broadcast KingdomsCraft\nusen /spawn si mueren
[Thu, 20. Jan 2022 03:38:29 CET | ID 570046221016891392] Sebitas: Spawn mirkooff_ad01
[Thu, 20. Jan 2022 03:38:43 CET | ID 570046221016891392] Sebitas: Spawn dianniwis
[Thu, 20. Jan 2022 03:39:36 CET | ID 570046221016891392] Sebitas: Effect Tyriondj 23 30
[Thu, 20. Jan 2022 03:40:00 CET | ID 570046221016891392] Sebitas: Effect GioUwUr 23 30
[Thu, 20. Jan 2022 03:40:50 CET | ID 570046221016891392] Sebitas: Effect CharlyWatson 23 30
[Thu, 20. Jan 2022 03:40:59 CET | ID 570046221016891392] Sebitas: Lagg clear
[Thu, 20. Jan 2022 03:41:34 CET | ID 570046221016891392] Sebitas: Effect Sr_juancastilo 23 30
[Thu, 20. Jan 2022 03:41:41 CET | ID 570046221016891392] Sebitas: Effect ckimba 23 30
[Thu, 20. Jan 2022 03:42:19 CET | ID 570046221016891392] Sebitas: Effect Sr_juancastilo 23 30
[Thu, 20. Jan 2022 03:43:53 CET | ID 570046221016891392] Sebitas: tm broadcast KingdomsCraft\nSi recién entraron esperar
[Thu, 20. Jan 2022 03:44:10 CET | ID 570046221016891392] Sebitas: Lagg clear
[Thu, 20. Jan 2022 03:47:05 CET | ID 570046221016891392] Sebitas: Spawn p1per
[Thu, 20. Jan 2022 04:16:28 CET | ID 570046221016891392] Sebitas: Effect EdwinNorth 5 30 250
[Thu, 20. Jan 2022 04:17:33 CET | ID 570046221016891392] Sebitas: Lag
[Thu, 20. Jan 2022 04:18:54 CET | ID 570046221016891392] Sebitas: Lag
[Thu, 20. Jan 2022 04:23:16 CET | ID 570046221016891392] Sebitas: List
[Thu, 20. Jan 2022 04:23:45 CET | ID 570046221016891392] Sebitas: Lag
[Thu, 20. Jan 2022 04:25:15 CET | ID 570046221016891392] Sebitas: Tell EdwinNorth quítate el ensordecer en discord
[Thu, 20. Jan 2022 04:27:31 CET | ID 570046221016891392] Sebitas: Tell EdwinNorth quítate el ensordecer en discord aaa
[Thu, 20. Jan 2022 04:31:45 CET | ID 570046221016891392] Sebitas: Tell rubiuzch rubiuuuuuuuuuuus desmute en discord
[Thu, 20. Jan 2022 04:32:02 CET | ID 570046221016891392] Sebitas: Lightning rubiuzch
[Thu, 20. Jan 2022 04:32:32 CET | ID 570046221016891392] Sebitas: Lightning rubiuzch
[Thu, 20. Jan 2022 04:33:27 CET | ID 570046221016891392] Sebitas: Tell rubiuzch rubiuuuuuuuuuuus discord deja de mamar
[Thu, 20. Jan 2022 04:35:04 CET | ID 570046221016891392] Sebitas: List
[Thu, 20. Jan 2022 04:36:24 CET | ID 570046221016891392] Sebitas: List
[Thu, 20. Jan 2022 05:06:14 CET | ID 570046221016891392] Sebitas: Lightning annywhite
[Thu, 20. Jan 2022 05:10:40 CET | ID 570046221016891392] Sebitas: tm broadcast KingdomsCraft\nDios ta triste
[Thu, 20. Jan 2022 05:13:46 CET | ID 570046221016891392] Sebitas: Lightning
[Thu, 20. Jan 2022 05:13:49 CET | ID 570046221016891392] Sebitas: Lightning
[Thu, 20. Jan 2022 05:13:51 CET | ID 570046221016891392] Sebitas: Lightning
[Thu, 20. Jan 2022 05:13:55 CET | ID 570046221016891392] Sebitas: Lightning
[Thu, 20. Jan 2022 05:15:50 CET | ID 570046221016891392] Sebitas: Lightning ABreChaizZ
[Thu, 20. Jan 2022 05:15:53 CET | ID 570046221016891392] Sebitas: Lightning ABreChaizZ
[Thu, 20. Jan 2022 05:15:56 CET | ID 570046221016891392] Sebitas: Lightning ABreChaizZ
[Thu, 20. Jan 2022 05:17:13 CET | ID 570046221016891392] Sebitas: Lag
[Thu, 20. Jan 2022 05:23:15 CET | ID 570046221016891392] Sebitas: Spawn annywhite
[Thu, 20. Jan 2022 05:24:18 CET | ID 570046221016891392] Sebitas: Spawn annywhite
[Thu, 20. Jan 2022 05:24:24 CET | ID 570046221016891392] Sebitas: Lagg clear
[Thu, 20. Jan 2022 05:26:35 CET | ID 570046221016891392] Sebitas: Lag
[Thu, 20. Jan 2022 05:26:49 CET | ID 570046221016891392] Sebitas: Lagg clear
[Thu, 20. Jan 2022 05:37:30 CET | ID 344693856505167894] NoSoyRubiuz: give 256 rubiuzch 3000
[Thu, 20. Jan 2022 05:37:59 CET | ID 570046221016891392] Sebitas: give rubiuzch 256 3000
[Thu, 20. Jan 2022 05:38:10 CET | ID 570046221016891392] Sebitas: give rubiuzch 256 3000
[Thu, 20. Jan 2022 05:38:12 CET | ID 570046221016891392] Sebitas: give rubiuzch 256 3000
[Thu, 20. Jan 2022 05:42:34 CET | ID 570046221016891392] Sebitas: give rubiuzch 265 3000
[Thu, 20. Jan 2022 05:42:39 CET | ID 570046221016891392] Sebitas: give rubiuzch 265 3000
[Thu, 20. Jan 2022 05:42:43 CET | ID 570046221016891392] Sebitas: give rubiuzch 265 3000
[Thu, 20. Jan 2022 05:42:46 CET | ID 570046221016891392] Sebitas: give rubiuzch 265 3000
[Thu, 20. Jan 2022 05:42:48 CET | ID 570046221016891392] Sebitas: give rubiuzch 265 3000
[Thu, 20. Jan 2022 05:42:52 CET | ID 570046221016891392] Sebitas: give rubiuzch 265 3000
[Thu, 20. Jan 2022 05:42:56 CET | ID 570046221016891392] Sebitas: give rubiuzch 265 3000
[Thu, 20. Jan 2022 05:42:59 CET | ID 570046221016891392] Sebitas: give rubiuzch 265 3000
[Thu, 20. Jan 2022 05:43:02 CET | ID 570046221016891392] Sebitas: give rubiuzch 265 3000
[Thu, 20. Jan 2022 05:43:06 CET | ID 570046221016891392] Sebitas: give rubiuzch 265 3000
[Thu, 20. Jan 2022 05:43:24 CET | ID 570046221016891392] Sebitas: give rubiuzch 265 3000
[Thu, 20. Jan 2022 05:43:27 CET | ID 570046221016891392] Sebitas: give rubiuzch 265 3000
[Thu, 20. Jan 2022 05:43:29 CET | ID 570046221016891392] Sebitas: give rubiuzch 265 3000
[Thu, 20. Jan 2022 05:43:32 CET | ID 570046221016891392] Sebitas: give rubiuzch 265 3000
[Thu, 20. Jan 2022 05:43:36 CET | ID 570046221016891392] Sebitas: give rubiuzch 265 3000
[Thu, 20. Jan 2022 05:43:38 CET | ID 570046221016891392] Sebitas: give rubiuzch 265 3000
[Thu, 20. Jan 2022 05:43:40 CET | ID 570046221016891392] Sebitas: give rubiuzch 265 3000
[Thu, 20. Jan 2022 05:43:42 CET | ID 570046221016891392] Sebitas: give rubiuzch 265 3000
[Thu, 20. Jan 2022 05:43:44 CET | ID 570046221016891392] Sebitas: give rubiuzch 265 3000
[Thu, 20. Jan 2022 05:43:45 CET | ID 570046221016891392] Sebitas: give rubiuzch 265 3000
[Thu, 20. Jan 2022 05:43:47 CET | ID 570046221016891392] Sebitas: give rubiuzch 265 3000
[Thu, 20. Jan 2022 05:43:48 CET | ID 570046221016891392] Sebitas: give rubiuzch 265 3000
[Thu, 20. Jan 2022 05:43:51 CET | ID 570046221016891392] Sebitas: give rubiuzch 265 3000
[Thu, 20. Jan 2022 05:43:52 CET | ID 570046221016891392] Sebitas: give rubiuzch 265 3000
[Thu, 20. Jan 2022 05:43:54 CET | ID 570046221016891392] Sebitas: give rubiuzch 265 3000
[Thu, 20. Jan 2022 05:43:55 CET | ID 570046221016891392] Sebitas: give rubiuzch 265 3000
[Thu, 20. Jan 2022 05:43:57 CET | ID 570046221016891392] Sebitas: give rubiuzch 265 3000
[Thu, 20. Jan 2022 05:43:58 CET | ID 570046221016891392] Sebitas: give rubiuzch 265 3000
[Thu, 20. Jan 2022 05:44:00 CET | ID 570046221016891392] Sebitas: give rubiuzch 265 3000
[Thu, 20. Jan 2022 05:44:01 CET | ID 570046221016891392] Sebitas: give rubiuzch 265 3000
[Thu, 20. Jan 2022 05:44:02 CET | ID 570046221016891392] Sebitas: give rubiuzch 265 3000
[Thu, 20. Jan 2022 05:44:04 CET | ID 570046221016891392] Sebitas: give rubiuzch 265 3000
[Thu, 20. Jan 2022 05:44:05 CET | ID 570046221016891392] Sebitas: give rubiuzch 265 3000
[Thu, 20. Jan 2022 05:44:07 CET | ID 570046221016891392] Sebitas: give rubiuzch 265 3000
[Thu, 20. Jan 2022 05:44:08 CET | ID 570046221016891392] Sebitas: give rubiuzch 265 3000
[Thu, 20. Jan 2022 05:44:10 CET | ID 570046221016891392] Sebitas: give rubiuzch 265 3000
[Thu, 20. Jan 2022 05:44:11 CET | ID 570046221016891392] Sebitas: give rubiuzch 265 3000
[Thu, 20. Jan 2022 05:44:14 CET | ID 570046221016891392] Sebitas: give rubiuzch 265 3000
[Thu, 20. Jan 2022 05:44:15 CET | ID 570046221016891392] Sebitas: give rubiuzch 265 3000
[Thu, 20. Jan 2022 05:44:17 CET | ID 570046221016891392] Sebitas: give rubiuzch 265 3000
[Thu, 20. Jan 2022 05:44:18 CET | ID 570046221016891392] Sebitas: give rubiuzch 265 3000
[Thu, 20. Jan 2022 05:44:20 CET | ID 570046221016891392] Sebitas: give rubiuzch 265 3000
[Thu, 20. Jan 2022 05:44:22 CET | ID 570046221016891392] Sebitas: give rubiuzch 265 3000
[Thu, 20. Jan 2022 05:44:24 CET | ID 570046221016891392] Sebitas: give rubiuzch 265 3000
[Thu, 20. Jan 2022 05:44:26 CET | ID 570046221016891392] Sebitas: give rubiuzch 265 3000
[Thu, 20. Jan 2022 05:44:27 CET | ID 570046221016891392] Sebitas: give rubiuzch 265 3000
[Thu, 20. Jan 2022 05:44:29 CET | ID 570046221016891392] Sebitas: give rubiuzch 265 3000
[Thu, 20. Jan 2022 05:44:31 CET | ID 570046221016891392] Sebitas: give rubiuzch 265 3000
[Thu, 20. Jan 2022 05:44:33 CET | ID 570046221016891392] Sebitas: give rubiuzch 265 3000
[Thu, 20. Jan 2022 05:44:35 CET | ID 570046221016891392] Sebitas: give rubiuzch 265 3000
[Thu, 20. Jan 2022 05:44:40 CET | ID 570046221016891392] Sebitas: give rubiuzch 265 3000
[Thu, 20. Jan 2022 05:45:07 CET | ID 570046221016891392] Sebitas: give rubiuzch 265 3000
[Thu, 20. Jan 2022 05:45:10 CET | ID 570046221016891392] Sebitas: give rubiuzch 265 3000
[Thu, 20. Jan 2022 05:45:13 CET | ID 570046221016891392] Sebitas: give rubiuzch 265 3000
[Thu, 20. Jan 2022 05:45:15 CET | ID 570046221016891392] Sebitas: give rubiuzch 265 3000
[Thu, 20. Jan 2022 05:45:19 CET | ID 570046221016891392] Sebitas: give rubiuzch 265 3000
[Thu, 20. Jan 2022 05:45:20 CET | ID 570046221016891392] Sebitas: give rubiuzch 265 3000
[Thu, 20. Jan 2022 05:45:22 CET | ID 570046221016891392] Sebitas: give rubiuzch 265 3000
[Thu, 20. Jan 2022 05:45:23 CET | ID 570046221016891392] Sebitas: give rubiuzch 265 3000
[Thu, 20. Jan 2022 05:45:25 CET | ID 570046221016891392] Sebitas: give rubiuzch 265 3000
[Thu, 20. Jan 2022 05:45:26 CET | ID 570046221016891392] Sebitas: give rubiuzch 265 3000
[Thu, 20. Jan 2022 05:45:28 CET | ID 570046221016891392] Sebitas: give rubiuzch 265 3000
[Thu, 20. Jan 2022 05:45:29 CET | ID 570046221016891392] Sebitas: give rubiuzch 265 3000
[Thu, 20. Jan 2022 05:45:31 CET | ID 570046221016891392] Sebitas: give rubiuzch 265 3000
[Thu, 20. Jan 2022 05:45:32 CET | ID 570046221016891392] Sebitas: give rubiuzch 265 3000
[Thu, 20. Jan 2022 05:45:34 CET | ID 570046221016891392] Sebitas: give rubiuzch 265 3000
[Thu, 20. Jan 2022 05:45:35 CET | ID 570046221016891392] Sebitas: give rubiuzch 265 3000
[Thu, 20. Jan 2022 05:45:39 CET | ID 570046221016891392] Sebitas: give rubiuzch 265 3000
[Thu, 20. Jan 2022 05:45:41 CET | ID 570046221016891392] Sebitas: give rubiuzch 265 3000
[Thu, 20. Jan 2022 05:45:43 CET | ID 570046221016891392] Sebitas: give rubiuzch 265 3000
[Thu, 20. Jan 2022 05:45:45 CET | ID 570046221016891392] Sebitas: give rubiuzch 265 3000
[Thu, 20. Jan 2022 05:45:47 CET | ID 570046221016891392] Sebitas: give rubiuzch 265 3000
[Thu, 20. Jan 2022 05:45:48 CET | ID 570046221016891392] Sebitas: give rubiuzch 265 3000
[Thu, 20. Jan 2022 05:45:50 CET | ID 570046221016891392] Sebitas: give rubiuzch 265 3000
[Thu, 20. Jan 2022 05:45:51 CET | ID 570046221016891392] Sebitas: give rubiuzch 265 3000
[Thu, 20. Jan 2022 05:45:57 CET | ID 570046221016891392] Sebitas: give rubiuzch 265 3000
[Thu, 20. Jan 2022 05:45:59 CET | ID 570046221016891392] Sebitas: give rubiuzch 265 3000
[Thu, 20. Jan 2022 05:46:00 CET | ID 570046221016891392] Sebitas: give rubiuzch 265 3000
[Thu, 20. Jan 2022 05:46:02 CET | ID 570046221016891392] Sebitas: give rubiuzch 265 3000
[Thu, 20. Jan 2022 05:46:03 CET | ID 570046221016891392] Sebitas: give rubiuzch 265 3000
[Thu, 20. Jan 2022 05:46:05 CET | ID 570046221016891392] Sebitas: give rubiuzch 265 3000
[Thu, 20. Jan 2022 05:46:06 CET | ID 570046221016891392] Sebitas: give rubiuzch 265 3000
[Thu, 20. Jan 2022 05:46:08 CET | ID 570046221016891392] Sebitas: give rubiuzch 265 3000
[Thu, 20. Jan 2022 05:46:10 CET | ID 570046221016891392] Sebitas: give rubiuzch 265 3000
[Thu, 20. Jan 2022 05:46:11 CET | ID 570046221016891392] Sebitas: give rubiuzch 265 3000
[Thu, 20. Jan 2022 05:46:14 CET | ID 570046221016891392] Sebitas: give rubiuzch 265 3000
[Thu, 20. Jan 2022 05:46:17 CET | ID 570046221016891392] Sebitas: give rubiuzch 265 3000
[Thu, 20. Jan 2022 05:46:19 CET | ID 570046221016891392] Sebitas: give rubiuzch 265 3000
[Thu, 20. Jan 2022 05:46:20 CET | ID 570046221016891392] Sebitas: give rubiuzch 265 3000
[Thu, 20. Jan 2022 05:46:25 CET | ID 570046221016891392] Sebitas: give rubiuzch 265 3000
[Thu, 20. Jan 2022 05:46:28 CET | ID 570046221016891392] Sebitas: give rubiuzch 265 3000
[Thu, 20. Jan 2022 05:46:30 CET | ID 570046221016891392] Sebitas: give rubiuzch 265 3000
[Thu, 20. Jan 2022 05:46:33 CET | ID 570046221016891392] Sebitas: give rubiuzch 265 3000
[Thu, 20. Jan 2022 05:46:34 CET | ID 570046221016891392] Sebitas: give rubiuzch 265 3000
[Thu, 20. Jan 2022 05:46:36 CET | ID 570046221016891392] Sebitas: give rubiuzch 265 3000
[Thu, 20. Jan 2022 05:46:38 CET | ID 570046221016891392] Sebitas: give rubiuzch 265 3000
[Thu, 20. Jan 2022 05:46:39 CET | ID 570046221016891392] Sebitas: give rubiuzch 265 3000
[Thu, 20. Jan 2022 05:46:41 CET | ID 570046221016891392] Sebitas: give rubiuzch 265 3000
[Thu, 20. Jan 2022 05:46:43 CET | ID 570046221016891392] Sebitas: give rubiuzch 265 3000
[Thu, 20. Jan 2022 05:46:44 CET | ID 570046221016891392] Sebitas: give rubiuzch 265 3000
[Thu, 20. Jan 2022 05:46:47 CET | ID 570046221016891392] Sebitas: give rubiuzch 265 3000
[Thu, 20. Jan 2022 05:46:52 CET | ID 570046221016891392] Sebitas: give rubiuzch 265 3000
[Thu, 20. Jan 2022 05:47:16 CET | ID 570046221016891392] Sebitas: give rubiuzch 265 3000
[Thu, 20. Jan 2022 05:47:22 CET | ID 570046221016891392] Sebitas: give rubiuzch 265 3000
[Thu, 20. Jan 2022 05:47:29 CET | ID 570046221016891392] Sebitas: give rubiuzch 265 3000
[Thu, 20. Jan 2022 05:47:35 CET | ID 570046221016891392] Sebitas: give rubiuzch 265 3000
[Thu, 20. Jan 2022 05:47:39 CET | ID 570046221016891392] Sebitas: give rubiuzch 265 3000
[Thu, 20. Jan 2022 05:47:42 CET | ID 570046221016891392] Sebitas: give rubiuzch 265 3000
[Thu, 20. Jan 2022 05:47:47 CET | ID 570046221016891392] Sebitas: give rubiuzch 265 3000
[Thu, 20. Jan 2022 05:47:53 CET | ID 570046221016891392] Sebitas: give rubiuzch 265 3000
[Thu, 20. Jan 2022 05:47:58 CET | ID 570046221016891392] Sebitas: give rubiuzch 265 3000
[Thu, 20. Jan 2022 05:48:02 CET | ID 570046221016891392] Sebitas: give rubiuzch 265 3000
[Thu, 20. Jan 2022 05:48:18 CET | ID 570046221016891392] Sebitas: give rubiuzch 265 3000
[Thu, 20. Jan 2022 06:04:20 CET | ID 570046221016891392] Sebitas: Wheatear storm
[Thu, 20. Jan 2022 06:04:47 CET | ID 570046221016891392] Sebitas: weather rain
[Thu, 20. Jan 2022 06:05:26 CET | ID 570046221016891392] Sebitas: Weather 1 storm 300
[Thu, 20. Jan 2022 06:05:49 CET | ID 570046221016891392] Sebitas: Lightning
[Thu, 20. Jan 2022 06:06:55 CET | ID 570046221016891392] Sebitas: Lightning ABreChaizZ
[Thu, 20. Jan 2022 06:06:58 CET | ID 570046221016891392] Sebitas: Lightning ABreChaizZ
[Thu, 20. Jan 2022 06:08:19 CET | ID 570046221016891392] Sebitas: tm broadcast KingdomsCraft\nHasta yo nan
[Thu, 20. Jan 2022 06:20:14 CET | ID 570046221016891392] Sebitas: Give ABreChaizZ 406 3000
[Thu, 20. Jan 2022 06:20:24 CET | ID 570046221016891392] Sebitas: Give ABreChaizZ 406 3000
[Thu, 20. Jan 2022 06:20:25 CET | ID 570046221016891392] Sebitas: Give ABreChaizZ 406 3000
[Thu, 20. Jan 2022 06:20:27 CET | ID 570046221016891392] Sebitas: Give ABreChaizZ 406 3000
[Thu, 20. Jan 2022 06:20:28 CET | ID 570046221016891392] Sebitas: Give ABreChaizZ 406 3000
[Thu, 20. Jan 2022 06:20:29 CET | ID 570046221016891392] Sebitas: Give ABreChaizZ 406 3000
[Thu, 20. Jan 2022 06:20:30 CET | ID 570046221016891392] Sebitas: Give ABreChaizZ 406 3000
[Thu, 20. Jan 2022 06:20:32 CET | ID 570046221016891392] Sebitas: Give ABreChaizZ 406 3000
[Thu, 20. Jan 2022 06:20:34 CET | ID 570046221016891392] Sebitas: Give ABreChaizZ 406 3000
[Thu, 20. Jan 2022 06:20:35 CET | ID 570046221016891392] Sebitas: Give ABreChaizZ 406 3000
[Thu, 20. Jan 2022 06:20:37 CET | ID 570046221016891392] Sebitas: Give ABreChaizZ 406 3000
[Thu, 20. Jan 2022 06:20:37 CET | ID 570046221016891392] Sebitas: Give ABreChaizZ 406 3000
[Thu, 20. Jan 2022 06:20:39 CET | ID 570046221016891392] Sebitas: Give ABreChaizZ 406 3000
[Thu, 20. Jan 2022 06:20:41 CET | ID 570046221016891392] Sebitas: Give ABreChaizZ 406 3000
[Thu, 20. Jan 2022 06:20:42 CET | ID 570046221016891392] Sebitas: Give ABreChaizZ 406 3000
[Thu, 20. Jan 2022 06:20:43 CET | ID 570046221016891392] Sebitas: Give ABreChaizZ 406 3000
[Thu, 20. Jan 2022 06:20:48 CET | ID 570046221016891392] Sebitas: Give ABreChaizZ 406 3000
[Thu, 20. Jan 2022 06:20:49 CET | ID 570046221016891392] Sebitas: Give ABreChaizZ 406 3000
[Thu, 20. Jan 2022 06:20:53 CET | ID 570046221016891392] Sebitas: Give ABreChaizZ 406 3000
[Thu, 20. Jan 2022 06:20:55 CET | ID 570046221016891392] Sebitas: Give ABreChaizZ 406 3000
[Thu, 20. Jan 2022 06:20:58 CET | ID 570046221016891392] Sebitas: Give ABreChaizZ 406 3000
[Thu, 20. Jan 2022 06:21:03 CET | ID 570046221016891392] Sebitas: Give ABreChaizZ 406 3000
[Thu, 20. Jan 2022 06:21:04 CET | ID 570046221016891392] Sebitas: Give ABreChaizZ 406 3000
[Thu, 20. Jan 2022 06:21:08 CET | ID 570046221016891392] Sebitas: Give ABreChaizZ 406 3000
[Thu, 20. Jan 2022 06:21:09 CET | ID 570046221016891392] Sebitas: Give ABreChaizZ 406 3000
[Thu, 20. Jan 2022 06:21:10 CET | ID 570046221016891392] Sebitas: Give ABreChaizZ 406 3000
[Thu, 20. Jan 2022 06:21:14 CET | ID 570046221016891392] Sebitas: Give ABreChaizZ 406 3000
[Thu, 20. Jan 2022 06:21:16 CET | ID 570046221016891392] Sebitas: Give ABreChaizZ 406 3000
[Thu, 20. Jan 2022 06:21:18 CET | ID 570046221016891392] Sebitas: Give ABreChaizZ 406 3000
[Thu, 20. Jan 2022 06:21:19 CET | ID 570046221016891392] Sebitas: Give ABreChaizZ 406 3000
[Thu, 20. Jan 2022 06:21:23 CET | ID 570046221016891392] Sebitas: Give ABreChaizZ 406 3000
[Thu, 20. Jan 2022 06:21:29 CET | ID 570046221016891392] Sebitas: Give ABreChaizZ 406 3000
[Thu, 20. Jan 2022 06:21:33 CET | ID 570046221016891392] Sebitas: Give ABreChaizZ 406 3000
[Thu, 20. Jan 2022 06:21:38 CET | ID 570046221016891392] Sebitas: Give ABreChaizZ 406 3000
[Thu, 20. Jan 2022 06:21:43 CET | ID 570046221016891392] Sebitas: Give ABreChaizZ 406 3000
[Thu, 20. Jan 2022 06:21:52 CET | ID 570046221016891392] Sebitas: Give ABreChaizZ 406 3000
[Thu, 20. Jan 2022 06:22:15 CET | ID 570046221016891392] Sebitas: Give ABreChaizZ 406 3000
[Thu, 20. Jan 2022 06:22:19 CET | ID 570046221016891392] Sebitas: Give ABreChaizZ 406 3000
[Thu, 20. Jan 2022 06:22:24 CET | ID 570046221016891392] Sebitas: Give ABreChaizZ 406 3000
[Thu, 20. Jan 2022 06:22:35 CET | ID 570046221016891392] Sebitas: Give ABreChaizZ 406 3000
[Thu, 20. Jan 2022 06:22:41 CET | ID 570046221016891392] Sebitas: Give ABreChaizZ 406 3000
[Thu, 20. Jan 2022 06:22:48 CET | ID 570046221016891392] Sebitas: Give ABreChaizZ 406 3000
[Thu, 20. Jan 2022 06:22:56 CET | ID 570046221016891392] Sebitas: Give ABreChaizZ 406 3000
[Thu, 20. Jan 2022 06:22:59 CET | ID 570046221016891392] Sebitas: Give ABreChaizZ 406 3000
[Thu, 20. Jan 2022 06:23:01 CET | ID 570046221016891392] Sebitas: Give ABreChaizZ 406 3000
[Thu, 20. Jan 2022 06:23:13 CET | ID 570046221016891392] Sebitas: Give ABreChaizZ 406 3000
[Thu, 20. Jan 2022 06:23:18 CET | ID 570046221016891392] Sebitas: Give ABreChaizZ 406 3000
[Thu, 20. Jan 2022 06:23:21 CET | ID 570046221016891392] Sebitas: Give ABreChaizZ 406 3000
[Thu, 20. Jan 2022 06:23:26 CET | ID 570046221016891392] Sebitas: Give ABreChaizZ 406 3000
[Thu, 20. Jan 2022 06:23:38 CET | ID 570046221016891392] Sebitas: Give ABreChaizZ 406 3000
[Thu, 20. Jan 2022 06:23:55 CET | ID 570046221016891392] Sebitas: Give ABreChaizZ 406 3000
[Thu, 20. Jan 2022 06:24:03 CET | ID 570046221016891392] Sebitas: Give ABreChaizZ 406 3000
[Thu, 20. Jan 2022 06:24:10 CET | ID 570046221016891392] Sebitas: Give ABreChaizZ 406 3000
[Thu, 20. Jan 2022 06:24:16 CET | ID 570046221016891392] Sebitas: Give ABreChaizZ 406 3000
[Thu, 20. Jan 2022 06:24:22 CET | ID 570046221016891392] Sebitas: Give ABreChaizZ 406 3000
[Thu, 20. Jan 2022 06:24:26 CET | ID 570046221016891392] Sebitas: Give ABreChaizZ 406 3000
[Thu, 20. Jan 2022 06:24:40 CET | ID 570046221016891392] Sebitas: Give ABreChaizZ 406 3000
[Thu, 20. Jan 2022 06:24:47 CET | ID 570046221016891392] Sebitas: Give ABreChaizZ 406 3000
[Thu, 20. Jan 2022 06:24:51 CET | ID 570046221016891392] Sebitas: Give ABreChaizZ 406 3000
[Thu, 20. Jan 2022 06:25:05 CET | ID 570046221016891392] Sebitas: Give ABreChaizZ 406 3000
[Thu, 20. Jan 2022 06:25:12 CET | ID 570046221016891392] Sebitas: Give ABreChaizZ 406 3000
[Thu, 20. Jan 2022 06:27:37 CET | ID 570046221016891392] Sebitas: Give ABreChaizZ 406 3000
[Thu, 20. Jan 2022 06:28:00 CET | ID 570046221016891392] Sebitas: Give ABreChaizZ 406 3000
[Thu, 20. Jan 2022 06:28:10 CET | ID 570046221016891392] Sebitas: Give ABreChaizZ 406 3000
[Thu, 20. Jan 2022 06:28:37 CET | ID 570046221016891392] Sebitas: Give ABreChaizZ 406 3000
[Thu, 20. Jan 2022 06:29:02 CET | ID 570046221016891392] Sebitas: Give ABreChaizZ 406 3000
[Thu, 20. Jan 2022 06:29:20 CET | ID 570046221016891392] Sebitas: Give ABreChaizZ 406 3000
[Thu, 20. Jan 2022 06:30:06 CET | ID 570046221016891392] Sebitas: Give ABreChaizZ 406 3000
[Thu, 20. Jan 2022 06:30:28 CET | ID 570046221016891392] Sebitas: Give ABreChaizZ 406 3000
[Thu, 20. Jan 2022 06:30:45 CET | ID 570046221016891392] Sebitas: Give ABreChaizZ 406 3000
[Thu, 20. Jan 2022 06:30:57 CET | ID 570046221016891392] Sebitas: Give ABreChaizZ 406 3000
[Thu, 20. Jan 2022 06:31:15 CET | ID 570046221016891392] Sebitas: Give ABreChaizZ 406 3000
[Thu, 20. Jan 2022 06:31:38 CET | ID 570046221016891392] Sebitas: Give ABreChaizZ 406 3000
[Thu, 20. Jan 2022 06:31:57 CET | ID 570046221016891392] Sebitas: Give ABreChaizZ 406 3000
[Thu, 20. Jan 2022 06:32:16 CET | ID 570046221016891392] Sebitas: Give ABreChaizZ 406 3000
[Thu, 20. Jan 2022 06:32:34 CET | ID 570046221016891392] Sebitas: Give ABreChaizZ 406 3000
[Thu, 20. Jan 2022 06:33:03 CET | ID 570046221016891392] Sebitas: Give ABreChaizZ 406 3000
[Thu, 20. Jan 2022 06:33:28 CET | ID 570046221016891392] Sebitas: Give ABreChaizZ 406 3000
[Thu, 20. Jan 2022 06:33:47 CET | ID 570046221016891392] Sebitas: Give ABreChaizZ 406 3000
[Thu, 20. Jan 2022 06:34:08 CET | ID 570046221016891392] Sebitas: Give ABreChaizZ 406 3000
[Thu, 20. Jan 2022 06:34:31 CET | ID 570046221016891392] Sebitas: Give ABreChaizZ 406 3000
[Thu, 20. Jan 2022 06:34:47 CET | ID 570046221016891392] Sebitas: Give ABreChaizZ 406 3000
[Thu, 20. Jan 2022 06:34:59 CET | ID 570046221016891392] Sebitas: Give ABreChaizZ 406 3000
[Thu, 20. Jan 2022 06:35:10 CET | ID 570046221016891392] Sebitas: Give ABreChaizZ 406 3000
[Thu, 20. Jan 2022 06:35:32 CET | ID 570046221016891392] Sebitas: Give ABreChaizZ 406 3000
[Thu, 20. Jan 2022 06:35:48 CET | ID 570046221016891392] Sebitas: Give ABreChaizZ 406 3000
[Thu, 20. Jan 2022 06:36:06 CET | ID 570046221016891392] Sebitas: Give ABreChaizZ 406 3000
[Thu, 20. Jan 2022 06:36:42 CET | ID 570046221016891392] Sebitas: Give ABreChaizZ 406 3000
[Thu, 20. Jan 2022 06:37:00 CET | ID 570046221016891392] Sebitas: Give ABreChaizZ 406 3000
[Thu, 20. Jan 2022 06:37:14 CET | ID 570046221016891392] Sebitas: Give ABreChaizZ 406 3000
[Thu, 20. Jan 2022 06:37:31 CET | ID 570046221016891392] Sebitas: Give ABreChaizZ 406 3000
[Thu, 20. Jan 2022 06:38:42 CET | ID 570046221016891392] Sebitas: Give ABreChaizZ 406 3000
[Thu, 20. Jan 2022 06:42:03 CET | ID 570046221016891392] Sebitas: Give ABreChaizZ 406 3000
[Thu, 20. Jan 2022 06:47:44 CET | ID 570046221016891392] Sebitas: Give ABreChaizZ 406 3000
[Thu, 20. Jan 2022 06:48:30 CET | ID 570046221016891392] Sebitas: Give ABreChaizZ 406 3000
[Thu, 20. Jan 2022 06:50:28 CET | ID 570046221016891392] Sebitas: Give ABreChaizZ 406 3000
[Thu, 20. Jan 2022 06:51:53 CET | ID 570046221016891392] Sebitas: Give ABreChaizZ 406 3000
[Thu, 20. Jan 2022 06:58:04 CET | ID 570046221016891392] Sebitas: Give ABreChaizZ 406 3000
[Thu, 20. Jan 2022 06:59:12 CET | ID 570046221016891392] Sebitas: List
[Thu, 20. Jan 2022 06:59:20 CET | ID 570046221016891392] Sebitas: Give ABreChaizZ 406 3000
[Thu, 20. Jan 2022 06:59:35 CET | ID 570046221016891392] Sebitas: Give ABreChaizZ 406 3000
[Thu, 20. Jan 2022 06:59:54 CET | ID 570046221016891392] Sebitas: Give ABreChaizZ 406 3000
[Thu, 20. Jan 2022 07:00:13 CET | ID 570046221016891392] Sebitas: Give ABreChaizZ 406 3000
[Thu, 20. Jan 2022 07:00:33 CET | ID 570046221016891392] Sebitas: Give ABreChaizZ 406 3000
[Thu, 20. Jan 2022 07:00:52 CET | ID 570046221016891392] Sebitas: Give ABreChaizZ 406 3000
[Thu, 20. Jan 2022 07:01:08 CET | ID 570046221016891392] Sebitas: Give ABreChaizZ 406 3000
[Thu, 20. Jan 2022 07:01:33 CET | ID 570046221016891392] Sebitas: Give ABreChaizZ 406 3000
[Thu, 20. Jan 2022 07:01:52 CET | ID 570046221016891392] Sebitas: Give ABreChaizZ 406 3000
[Thu, 20. Jan 2022 07:02:12 CET | ID 570046221016891392] Sebitas: Give ABreChaizZ 406 3000
[Thu, 20. Jan 2022 07:02:39 CET | ID 570046221016891392] Sebitas: Give ABreChaizZ 406 3000
[Thu, 20. Jan 2022 07:02:58 CET | ID 570046221016891392] Sebitas: Give ABreChaizZ 406 3000
[Thu, 20. Jan 2022 07:03:21 CET | ID 570046221016891392] Sebitas: Give ABreChaizZ 406 3000
[Thu, 20. Jan 2022 07:03:38 CET | ID 570046221016891392] Sebitas: Give ABreChaizZ 406 3000
[Thu, 20. Jan 2022 07:03:58 CET | ID 570046221016891392] Sebitas: Give ABreChaizZ 406 3000
[Thu, 20. Jan 2022 07:04:21 CET | ID 570046221016891392] Sebitas: Give ABreChaizZ 406 3000
[Thu, 20. Jan 2022 07:04:40 CET | ID 570046221016891392] Sebitas: Give ABreChaizZ 406 3000
[Thu, 20. Jan 2022 07:05:27 CET | ID 570046221016891392] Sebitas: Give ABreChaizZ 406 3000
[Thu, 20. Jan 2022 07:05:53 CET | ID 570046221016891392] Sebitas: Give ABreChaizZ 406 3000
[Thu, 20. Jan 2022 07:14:02 CET | ID 570046221016891392] Sebitas: List
[Thu, 20. Jan 2022 07:20:19 CET | ID 570046221016891392] Sebitas: Time set day
[Thu, 20. Jan 2022 07:29:05 CET | ID 570046221016891392] Sebitas: Lag
[Thu, 20. Jan 2022 07:29:22 CET | ID 570046221016891392] Sebitas: List
[Thu, 20. Jan 2022 07:31:59 CET | ID 570046221016891392] Sebitas: List
[Thu, 20. Jan 2022 07:32:34 CET | ID 570046221016891392] Sebitas: Tell nan96 holaaa
[Thu, 20. Jan 2022 07:35:01 CET | ID 932239734669983805] VippoTwitch: list
[Thu, 20. Jan 2022 07:40:15 CET | ID 570046221016891392] Sebitas: Spawn annywhite
[Thu, 20. Jan 2022 07:40:20 CET | ID 570046221016891392] Sebitas: Back annywhite
[Thu, 20. Jan 2022 08:02:59 CET | ID 570046221016891392] Sebitas: Lag
[Thu, 20. Jan 2022 08:19:03 CET | ID 570046221016891392] Sebitas: Effect annywhite 25 5
[Thu, 20. Jan 2022 08:56:34 CET | ID 570046221016891392] Sebitas: List
[Thu, 20. Jan 2022 09:24:08 CET | ID 570046221016891392] Sebitas: Lag
[Thu, 20. Jan 2022 14:45:13 CET | ID 570046221016891392] Sebitas: List
[Thu, 20. Jan 2022 20:42:06 CET | ID 570046221016891392] Sebitas: Lag
[Thu, 20. Jan 2022 20:49:50 CET | ID 570046221016891392] Sebitas: List
[Thu, 20. Jan 2022 20:59:01 CET | ID 570046221016891392] Sebitas: Lightning benjaprime_83
[Thu, 20. Jan 2022 22:28:48 CET | ID 570046221016891392] Sebitas: List
[Thu, 20. Jan 2022 22:35:37 CET | ID 570046221016891392] Sebitas: Give benjaprime_93 49 3000
[Thu, 20. Jan 2022 22:35:41 CET | ID 570046221016891392] Sebitas: Give benjaprime_93 49 3000
[Thu, 20. Jan 2022 22:35:43 CET | ID 570046221016891392] Sebitas: Give benjaprime_93 49 3000
[Thu, 20. Jan 2022 22:35:44 CET | ID 570046221016891392] Sebitas: Give benjaprime_93 49 3000
[Thu, 20. Jan 2022 22:35:45 CET | ID 570046221016891392] Sebitas: Give benjaprime_93 49 3000
[Thu, 20. Jan 2022 22:35:47 CET | ID 570046221016891392] Sebitas: Give benjaprime_93 49 3000
[Thu, 20. Jan 2022 22:35:47 CET | ID 570046221016891392] Sebitas: Give benjaprime_93 49 3000
[Thu, 20. Jan 2022 22:35:48 CET | ID 570046221016891392] Sebitas: Give benjaprime_93 49 3000
[Thu, 20. Jan 2022 22:35:51 CET | ID 570046221016891392] Sebitas: Give benjaprime_93 49 3000
[Thu, 20. Jan 2022 22:35:52 CET | ID 570046221016891392] Sebitas: Give benjaprime_93 49 3000
[Thu, 20. Jan 2022 22:35:54 CET | ID 570046221016891392] Sebitas: Give benjaprime_93 49 3000
[Thu, 20. Jan 2022 22:35:55 CET | ID 570046221016891392] Sebitas: Give benjaprime_93 49 3000
[Thu, 20. Jan 2022 22:35:56 CET | ID 570046221016891392] Sebitas: Give benjaprime_93 49 3000
[Thu, 20. Jan 2022 22:35:58 CET | ID 570046221016891392] Sebitas: Give benjaprime_93 49 3000
[Thu, 20. Jan 2022 22:36:02 CET | ID 570046221016891392] Sebitas: Give benjaprime_93 49 3000
[Thu, 20. Jan 2022 22:36:03 CET | ID 570046221016891392] Sebitas: Give benjaprime_93 49 3000
[Thu, 20. Jan 2022 22:36:05 CET | ID 570046221016891392] Sebitas: Give benjaprime_93 49 3000
[Thu, 20. Jan 2022 22:36:06 CET | ID 570046221016891392] Sebitas: Give benjaprime_93 49 3000
[Thu, 20. Jan 2022 22:36:09 CET | ID 570046221016891392] Sebitas: Give benjaprime_93 49 3000
[Thu, 20. Jan 2022 22:36:10 CET | ID 570046221016891392] Sebitas: Give benjaprime_93 49 3000
[Thu, 20. Jan 2022 22:36:13 CET | ID 570046221016891392] Sebitas: Give benjaprime_93 49 3000
[Thu, 20. Jan 2022 22:36:15 CET | ID 570046221016891392] Sebitas: Give benjaprime_93 49 3000
[Thu, 20. Jan 2022 22:36:17 CET | ID 570046221016891392] Sebitas: Give benjaprime_93 49 3000
[Thu, 20. Jan 2022 22:36:18 CET | ID 570046221016891392] Sebitas: Give benjaprime_93 49 3000
[Thu, 20. Jan 2022 22:36:19 CET | ID 570046221016891392] Sebitas: Give benjaprime_93 49 3000
[Thu, 20. Jan 2022 22:36:23 CET | ID 570046221016891392] Sebitas: Give benjaprime_93 49 3000
[Thu, 20. Jan 2022 22:36:26 CET | ID 570046221016891392] Sebitas: Give benjaprime_93 49 3000
[Thu, 20. Jan 2022 22:36:28 CET | ID 570046221016891392] Sebitas: Give benjaprime_93 49 3000
[Thu, 20. Jan 2022 22:36:30 CET | ID 570046221016891392] Sebitas: Give benjaprime_93 49 3000
[Thu, 20. Jan 2022 22:36:31 CET | ID 570046221016891392] Sebitas: Give benjaprime_93 49 3000
[Thu, 20. Jan 2022 22:36:33 CET | ID 570046221016891392] Sebitas: Give benjaprime_93 49 3000
[Thu, 20. Jan 2022 22:36:35 CET | ID 570046221016891392] Sebitas: Give benjaprime_93 49 3000
[Thu, 20. Jan 2022 22:36:37 CET | ID 570046221016891392] Sebitas: Give benjaprime_93 49 3000
[Thu, 20. Jan 2022 22:36:40 CET | ID 570046221016891392] Sebitas: Give benjaprime_93 49 3000
[Thu, 20. Jan 2022 22:36:42 CET | ID 570046221016891392] Sebitas: Give benjaprime_93 49 3000
[Thu, 20. Jan 2022 22:36:45 CET | ID 570046221016891392] Sebitas: Give benjaprime_93 49 3000
[Thu, 20. Jan 2022 22:36:47 CET | ID 570046221016891392] Sebitas: Give benjaprime_93 49 3000
[Thu, 20. Jan 2022 22:36:49 CET | ID 570046221016891392] Sebitas: Give benjaprime_93 49 3000
[Thu, 20. Jan 2022 22:36:51 CET | ID 570046221016891392] Sebitas: Give benjaprime_93 49 3000
[Thu, 20. Jan 2022 22:36:53 CET | ID 570046221016891392] Sebitas: Give benjaprime_93 49 3000
[Thu, 20. Jan 2022 22:36:55 CET | ID 570046221016891392] Sebitas: Give benjaprime_93 49 3000
[Thu, 20. Jan 2022 22:36:58 CET | ID 570046221016891392] Sebitas: Give benjaprime_93 49 3000
[Thu, 20. Jan 2022 22:36:59 CET | ID 570046221016891392] Sebitas: Give benjaprime_93 49 3000
[Thu, 20. Jan 2022 22:37:01 CET | ID 570046221016891392] Sebitas: Give benjaprime_93 49 3000
[Thu, 20. Jan 2022 22:37:03 CET | ID 570046221016891392] Sebitas: Give benjaprime_93 49 3000
[Thu, 20. Jan 2022 22:37:06 CET | ID 570046221016891392] Sebitas: Give benjaprime_93 49 3000
[Thu, 20. Jan 2022 22:37:07 CET | ID 570046221016891392] Sebitas: Give benjaprime_93 49 3000
[Thu, 20. Jan 2022 22:37:11 CET | ID 570046221016891392] Sebitas: Give benjaprime_93 49 3000
[Thu, 20. Jan 2022 22:37:13 CET | ID 570046221016891392] Sebitas: Give benjaprime_93 49 3000
[Thu, 20. Jan 2022 22:37:14 CET | ID 570046221016891392] Sebitas: Give benjaprime_93 49 3000
[Thu, 20. Jan 2022 22:37:16 CET | ID 570046221016891392] Sebitas: Give benjaprime_93 49 3000
[Thu, 20. Jan 2022 22:37:17 CET | ID 570046221016891392] Sebitas: Give benjaprime_93 49 3000
[Thu, 20. Jan 2022 22:37:18 CET | ID 570046221016891392] Sebitas: Give benjaprime_93 49 3000
[Thu, 20. Jan 2022 22:37:20 CET | ID 570046221016891392] Sebitas: Give benjaprime_93 49 3000
[Thu, 20. Jan 2022 22:37:23 CET | ID 570046221016891392] Sebitas: Give benjaprime_93 49 3000
[Thu, 20. Jan 2022 22:37:25 CET | ID 570046221016891392] Sebitas: Give benjaprime_93 49 3000
[Thu, 20. Jan 2022 22:37:27 CET | ID 570046221016891392] Sebitas: Give benjaprime_93 49 3000
[Thu, 20. Jan 2022 22:37:31 CET | ID 570046221016891392] Sebitas: Give benjaprime_93 49 3000
[Thu, 20. Jan 2022 22:37:36 CET | ID 570046221016891392] Sebitas: Give benjaprime_93 49 3000
[Thu, 20. Jan 2022 22:37:42 CET | ID 570046221016891392] Sebitas: Give benjaprime_93 49 3000
[Thu, 20. Jan 2022 22:37:47 CET | ID 570046221016891392] Sebitas: Give benjaprime_93 49 3000
[Thu, 20. Jan 2022 22:37:49 CET | ID 570046221016891392] Sebitas: Give benjaprime_93 49 3000
[Thu, 20. Jan 2022 22:37:50 CET | ID 570046221016891392] Sebitas: Give benjaprime_93 49 3000
[Thu, 20. Jan 2022 22:37:52 CET | ID 570046221016891392] Sebitas: Give benjaprime_93 49 3000
[Thu, 20. Jan 2022 22:37:54 CET | ID 570046221016891392] Sebitas: Give benjaprime_93 49 3000
[Thu, 20. Jan 2022 22:37:56 CET | ID 570046221016891392] Sebitas: Give benjaprime_93 49 3000
[Thu, 20. Jan 2022 22:37:57 CET | ID 570046221016891392] Sebitas: Give benjaprime_93 49 3000
[Thu, 20. Jan 2022 22:37:59 CET | ID 570046221016891392] Sebitas: Give benjaprime_93 49 3000
[Thu, 20. Jan 2022 22:38:01 CET | ID 570046221016891392] Sebitas: Give benjaprime_93 49 3000
[Thu, 20. Jan 2022 22:38:03 CET | ID 570046221016891392] Sebitas: Give benjaprime_93 49 3000
[Thu, 20. Jan 2022 22:38:06 CET | ID 570046221016891392] Sebitas: Give benjaprime_93 49 3000
[Thu, 20. Jan 2022 22:38:10 CET | ID 570046221016891392] Sebitas: Give benjaprime_93 49 3000
[Thu, 20. Jan 2022 22:38:14 CET | ID 570046221016891392] Sebitas: Give benjaprime_93 49 3000
[Thu, 20. Jan 2022 22:38:16 CET | ID 570046221016891392] Sebitas: Give benjaprime_93 49 3000
[Thu, 20. Jan 2022 22:38:20 CET | ID 570046221016891392] Sebitas: Give benjaprime_93 49 3000
[Thu, 20. Jan 2022 22:38:22 CET | ID 570046221016891392] Sebitas: Give benjaprime_93 49 3000
[Thu, 20. Jan 2022 22:38:25 CET | ID 570046221016891392] Sebitas: Give benjaprime_93 49 3000
[Thu, 20. Jan 2022 22:38:27 CET | ID 570046221016891392] Sebitas: Give benjaprime_93 49 3000
[Thu, 20. Jan 2022 22:38:29 CET | ID 570046221016891392] Sebitas: Give benjaprime_93 49 3000
[Thu, 20. Jan 2022 22:38:31 CET | ID 570046221016891392] Sebitas: Give benjaprime_93 49 3000
[Thu, 20. Jan 2022 22:38:33 CET | ID 570046221016891392] Sebitas: Give benjaprime_93 49 3000
[Thu, 20. Jan 2022 22:38:36 CET | ID 570046221016891392] Sebitas: Give benjaprime_93 49 3000
[Thu, 20. Jan 2022 22:38:39 CET | ID 570046221016891392] Sebitas: Give benjaprime_93 49 3000
[Thu, 20. Jan 2022 22:38:42 CET | ID 570046221016891392] Sebitas: Give benjaprime_93 49 3000
[Thu, 20. Jan 2022 22:38:46 CET | ID 570046221016891392] Sebitas: Give benjaprime_93 49 3000
[Thu, 20. Jan 2022 22:38:49 CET | ID 570046221016891392] Sebitas: Give benjaprime_93 49 3000
[Thu, 20. Jan 2022 22:39:02 CET | ID 570046221016891392] Sebitas: Give benjaprime_93 49 3000
[Thu, 20. Jan 2022 22:39:03 CET | ID 570046221016891392] Sebitas: Give benjaprime_93 49 3000
[Thu, 20. Jan 2022 22:39:05 CET | ID 570046221016891392] Sebitas: Give benjaprime_93 49 3000
[Thu, 20. Jan 2022 22:39:06 CET | ID 570046221016891392] Sebitas: Give benjaprime_93 49 3000
[Thu, 20. Jan 2022 22:39:08 CET | ID 570046221016891392] Sebitas: Give benjaprime_93 49 3000
[Thu, 20. Jan 2022 22:39:10 CET | ID 570046221016891392] Sebitas: Give benjaprime_93 49 3000
[Thu, 20. Jan 2022 22:39:14 CET | ID 570046221016891392] Sebitas: Give benjaprime_93 49 3000
[Thu, 20. Jan 2022 22:39:17 CET | ID 570046221016891392] Sebitas: Give benjaprime_93 49 3000
[Thu, 20. Jan 2022 22:39:20 CET | ID 570046221016891392] Sebitas: Give benjaprime_93 49 3000
[Thu, 20. Jan 2022 22:39:22 CET | ID 570046221016891392] Sebitas: Give benjaprime_93 49 3000
[Thu, 20. Jan 2022 22:39:38 CET | ID 570046221016891392] Sebitas: Give benjaprime_93 49 3000
[Thu, 20. Jan 2022 22:39:39 CET | ID 570046221016891392] Sebitas: Give benjaprime_93 49 3000
[Thu, 20. Jan 2022 22:39:41 CET | ID 570046221016891392] Sebitas: Give benjaprime_93 49 3000
[Thu, 20. Jan 2022 22:39:43 CET | ID 570046221016891392] Sebitas: Give benjaprime_93 49 3000
[Thu, 20. Jan 2022 22:39:45 CET | ID 570046221016891392] Sebitas: Give benjaprime_93 49 3000
[Thu, 20. Jan 2022 22:39:48 CET | ID 570046221016891392] Sebitas: Give benjaprime_93 49 3000
[Thu, 20. Jan 2022 22:39:55 CET | ID 570046221016891392] Sebitas: Give benjaprime_93 49 3000
[Thu, 20. Jan 2022 22:40:03 CET | ID 570046221016891392] Sebitas: Give benjaprime_93 49 3000Give benjaprime_93 49 3000
[Thu, 20. Jan 2022 22:40:05 CET | ID 570046221016891392] Sebitas: Give benjaprime_93 49 3000
[Thu, 20. Jan 2022 22:40:16 CET | ID 570046221016891392] Sebitas: Give benjaprime_93 49 3000
[Thu, 20. Jan 2022 22:40:26 CET | ID 570046221016891392] Sebitas: Give benjaprime_93 49 3000
[Thu, 20. Jan 2022 22:40:40 CET | ID 570046221016891392] Sebitas: Give benjaprime_93 49 3000
[Thu, 20. Jan 2022 22:40:44 CET | ID 570046221016891392] Sebitas: Give benjaprime_93 49 3000
[Thu, 20. Jan 2022 22:40:46 CET | ID 570046221016891392] Sebitas: Give benjaprime_93 49 3000
[Thu, 20. Jan 2022 22:40:54 CET | ID 570046221016891392] Sebitas: Give benjaprime_93 49 3000
[Thu, 20. Jan 2022 22:41:00 CET | ID 570046221016891392] Sebitas: Give benjaprime_93 49 3000
[Thu, 20. Jan 2022 22:41:09 CET | ID 570046221016891392] Sebitas: Give benjaprime_93 49 3000
[Thu, 20. Jan 2022 22:41:17 CET | ID 570046221016891392] Sebitas: Give benjaprime_93 49 3000
