[Wed, 19. Jan 2022 01:00:50 CET | ID 570046221016891392] Sebitas: Tell pinfygirl se conecto mi novia :D
[Wed, 19. Jan 2022 01:01:04 CET | ID 570046221016891392] Sebitas: List
[Wed, 19. Jan 2022 01:04:20 CET | ID 570046221016891392] Sebitas: Tell ABreChaizZ mamaguevo entra a dioses
[Wed, 19. Jan 2022 01:22:06 CET | ID 570046221016891392] Sebitas: Tell ABreChaizZ perate tantito nmms xD
[Wed, 19. Jan 2022 01:22:56 CET | ID 570046221016891392] Sebitas: Tell ABreChaizZ entre a dioses
[Wed, 19. Jan 2022 01:23:02 CET | ID 570046221016891392] Sebitas: Lightning ABreChaizZ
[Wed, 19. Jan 2022 01:25:03 CET | ID 570046221016891392] Sebitas: lightning ABreChaizZ
[Wed, 19. Jan 2022 01:27:21 CET | ID 570046221016891392] Sebitas: Lightning ABreChaizZ
[Wed, 19. Jan 2022 01:27:25 CET | ID 570046221016891392] Sebitas: Lightning ABreChaizZ
[Wed, 19. Jan 2022 01:36:51 CET | ID 570046221016891392] Sebitas: Lag
[Wed, 19. Jan 2022 01:39:41 CET | ID 570046221016891392] Sebitas: Effect ckimba regeneration 60 3
[Wed, 19. Jan 2022 01:39:43 CET | ID 570046221016891392] Sebitas: Effect ckimba 5 30 250
[Wed, 19. Jan 2022 01:46:15 CET | ID 570046221016891392] Sebitas: Effect Andrés 11 40 5
[Wed, 19. Jan 2022 01:46:46 CET | ID 570046221016891392] Sebitas: Effect Andres 11 40 5
[Wed, 19. Jan 2022 01:49:47 CET | ID 570046221016891392] Sebitas: Effect ckimba 26 30 4
[Wed, 19. Jan 2022 01:51:08 CET | ID 570046221016891392] Sebitas: Give ckimba 264 11
[Wed, 19. Jan 2022 01:57:16 CET | ID 570046221016891392] Sebitas: Tp annywhite -65 65 -127
[Wed, 19. Jan 2022 01:57:20 CET | ID 570046221016891392] Sebitas: Back annywhite
[Wed, 19. Jan 2022 01:58:52 CET | ID 570046221016891392] Sebitas: Tp annywhite -65 65 -127
[Wed, 19. Jan 2022 01:59:11 CET | ID 570046221016891392] Sebitas: Tp annywhite -65 65 -127
[Wed, 19. Jan 2022 02:00:42 CET | ID 570046221016891392] Sebitas: Back annywhite
[Wed, 19. Jan 2022 02:16:52 CET | ID 570046221016891392] Sebitas: Lag
[Wed, 19. Jan 2022 02:17:46 CET | ID 570046221016891392] Sebitas: List
[Wed, 19. Jan 2022 02:19:27 CET | ID 570046221016891392] Sebitas: Lightning cesarag122
[Wed, 19. Jan 2022 02:21:51 CET | ID 570046221016891392] Sebitas: Lightning cesarag122
[Wed, 19. Jan 2022 02:21:51 CET | ID 570046221016891392] Sebitas: Lightning cesarag122
[Wed, 19. Jan 2022 02:21:52 CET | ID 570046221016891392] Sebitas: Lightning cesarag122
[Wed, 19. Jan 2022 02:40:42 CET | ID 570046221016891392] Sebitas: Effect ckimba regeneration 40 5
[Wed, 19. Jan 2022 02:40:43 CET | ID 570046221016891392] Sebitas: Lightning ckimba
[Wed, 19. Jan 2022 02:40:45 CET | ID 570046221016891392] Sebitas: Lightning ckimba
[Wed, 19. Jan 2022 02:40:46 CET | ID 570046221016891392] Sebitas: Lightning ckimba
[Wed, 19. Jan 2022 02:40:47 CET | ID 570046221016891392] Sebitas: Lightning ckimba
[Wed, 19. Jan 2022 02:40:48 CET | ID 570046221016891392] Sebitas: Lightning ckimba
[Wed, 19. Jan 2022 02:40:50 CET | ID 570046221016891392] Sebitas: Lightning ckimba
[Wed, 19. Jan 2022 02:40:54 CET | ID 570046221016891392] Sebitas: Lightning ckimba
[Wed, 19. Jan 2022 02:40:56 CET | ID 570046221016891392] Sebitas: Lightning ckimba
[Wed, 19. Jan 2022 02:40:57 CET | ID 570046221016891392] Sebitas: Lightning ckimba
[Wed, 19. Jan 2022 02:42:39 CET | ID 570046221016891392] Sebitas: Effect ckimba regeneration 10 5
[Wed, 19. Jan 2022 02:52:46 CET | ID 570046221016891392] Sebitas: List
[Wed, 19. Jan 2022 02:55:27 CET | ID 570046221016891392] Sebitas: Clear lagg
[Wed, 19. Jan 2022 02:56:59 CET | ID 570046221016891392] Sebitas: Lag
[Wed, 19. Jan 2022 02:58:03 CET | ID 570046221016891392] Sebitas: Lightning valkryon365
[Wed, 19. Jan 2022 02:58:04 CET | ID 570046221016891392] Sebitas: Lightning valkryon365
[Wed, 19. Jan 2022 02:58:05 CET | ID 570046221016891392] Sebitas: Lightning valkryon365
[Wed, 19. Jan 2022 02:58:27 CET | ID 570046221016891392] Sebitas: Lightning valkryon365
[Wed, 19. Jan 2022 02:58:28 CET | ID 570046221016891392] Sebitas: Lightning valkryon365
[Wed, 19. Jan 2022 02:58:29 CET | ID 570046221016891392] Sebitas: Lightning valkryon365
[Wed, 19. Jan 2022 02:58:30 CET | ID 570046221016891392] Sebitas: Lightning valkryon365
[Wed, 19. Jan 2022 02:58:31 CET | ID 570046221016891392] Sebitas: Lightning valkryon365
[Wed, 19. Jan 2022 02:58:39 CET | ID 570046221016891392] Sebitas: Lightning valkryon365
[Wed, 19. Jan 2022 02:58:40 CET | ID 570046221016891392] Sebitas: Lightning valkryon365
[Wed, 19. Jan 2022 02:58:41 CET | ID 570046221016891392] Sebitas: Lightning valkryon365
[Wed, 19. Jan 2022 02:58:43 CET | ID 570046221016891392] Sebitas: Lightning valkryon365
[Wed, 19. Jan 2022 02:58:44 CET | ID 570046221016891392] Sebitas: Lightning valkryon365
[Wed, 19. Jan 2022 02:58:45 CET | ID 570046221016891392] Sebitas: Lightning valkryon365
[Wed, 19. Jan 2022 02:58:46 CET | ID 570046221016891392] Sebitas: Lightning valkryon365
[Wed, 19. Jan 2022 02:58:47 CET | ID 570046221016891392] Sebitas: Lightning valkryon365
[Wed, 19. Jan 2022 02:58:48 CET | ID 570046221016891392] Sebitas: Lightning valkryon365
[Wed, 19. Jan 2022 03:12:35 CET | ID 570046221016891392] Sebitas: Tp EdwinNorth -65 65 -127
[Wed, 19. Jan 2022 03:12:40 CET | ID 570046221016891392] Sebitas: Back EdwinNorth
[Wed, 19. Jan 2022 03:13:19 CET | ID 570046221016891392] Sebitas: Spawn EdwinNorth
[Wed, 19. Jan 2022 03:13:59 CET | ID 570046221016891392] Sebitas: Spawn ABreChaizZ
[Wed, 19. Jan 2022 03:15:48 CET | ID 570046221016891392] Sebitas: Lag
[Wed, 19. Jan 2022 03:16:50 CET | ID 570046221016891392] Sebitas: Back ABreChaizZ
[Wed, 19. Jan 2022 03:16:55 CET | ID 635562595620749344] zCombi_: laggclear
[Wed, 19. Jan 2022 03:17:04 CET | ID 635562595620749344] zCombi_: clearlagg
[Wed, 19. Jan 2022 03:17:12 CET | ID 570046221016891392] Sebitas: Lagg clear
[Wed, 19. Jan 2022 03:19:42 CET | ID 635562595620749344] zCombi_: lag
[Wed, 19. Jan 2022 03:19:58 CET | ID 570046221016891392] Sebitas: Tell dianniwis entrele a discord
[Wed, 19. Jan 2022 03:26:49 CET | ID 635562595620749344] zCombi_: spawn ABreChaizZ
[Wed, 19. Jan 2022 03:27:08 CET | ID 570046221016891392] Sebitas: Lagg clear
[Wed, 19. Jan 2022 03:28:28 CET | ID 570046221016891392] Sebitas: Lagg clear
[Wed, 19. Jan 2022 03:35:17 CET | ID 570046221016891392] Sebitas: Tp rubiuzch -296 60 -826
[Wed, 19. Jan 2022 03:35:44 CET | ID 570046221016891392] Sebitas: Back rubiuzch
[Wed, 19. Jan 2022 03:40:03 CET | ID 344693856505167894] NoSoyRubiuz: back rubiuzch
[Wed, 19. Jan 2022 03:52:42 CET | ID 570046221016891392] Sebitas: Spawn EdwinNorth
[Wed, 19. Jan 2022 03:53:38 CET | ID 570046221016891392] Sebitas: Back EdwinNorth
[Wed, 19. Jan 2022 03:56:05 CET | ID 570046221016891392] Sebitas: Tp ABreChaizZ EdwinNorth
[Wed, 19. Jan 2022 03:56:16 CET | ID 570046221016891392] Sebitas: Spawn EdwinNorth
[Wed, 19. Jan 2022 03:57:34 CET | ID 570046221016891392] Sebitas: Lag
[Wed, 19. Jan 2022 03:57:46 CET | ID 570046221016891392] Sebitas: Lagg clear
[Wed, 19. Jan 2022 04:03:46 CET | ID 570046221016891392] Sebitas: Back EdwinNorth
[Wed, 19. Jan 2022 04:04:37 CET | ID 570046221016891392] Sebitas: Back EdwinNorth
[Wed, 19. Jan 2022 04:04:58 CET | ID 570046221016891392] Sebitas: Back ABreChaizZ
[Wed, 19. Jan 2022 04:07:02 CET | ID 570046221016891392] Sebitas: lightning ABreChaizZ
[Wed, 19. Jan 2022 04:07:03 CET | ID 570046221016891392] Sebitas: lightning ABreChaizZ
[Wed, 19. Jan 2022 04:07:04 CET | ID 570046221016891392] Sebitas: lightning ABreChaizZ
[Wed, 19. Jan 2022 04:07:05 CET | ID 570046221016891392] Sebitas: lightning ABreChaizZ
[Wed, 19. Jan 2022 04:14:33 CET | ID 570046221016891392] Sebitas: List
[Wed, 19. Jan 2022 04:18:29 CET | ID 570046221016891392] Sebitas: Lightning EdwinNorth
[Wed, 19. Jan 2022 04:19:38 CET | ID 570046221016891392] Sebitas: List
[Wed, 19. Jan 2022 04:21:16 CET | ID 570046221016891392] Sebitas: lp user Pinfygirl parent set subdito-cuero
[Wed, 19. Jan 2022 04:21:53 CET | ID 570046221016891392] Sebitas: lp user Annillu_uwu parent set subdito-cuero
[Wed, 19. Jan 2022 04:22:00 CET | ID 570046221016891392] Sebitas: List
[Wed, 19. Jan 2022 04:22:24 CET | ID 570046221016891392] Sebitas: Effect Pinfygirl 5 30 250
[Wed, 19. Jan 2022 04:28:44 CET | ID 570046221016891392] Sebitas: Effect Danilox07 25 5
[Wed, 19. Jan 2022 04:34:34 CET | ID 570046221016891392] Sebitas: Effect annywhite 26 3
[Wed, 19. Jan 2022 04:35:54 CET | ID 570046221016891392] Sebitas: Effect annywhite 20 2
[Wed, 19. Jan 2022 04:36:57 CET | ID 570046221016891392] Sebitas: Effect annywhite regeneration 30 5
[Wed, 19. Jan 2022 04:36:58 CET | ID 570046221016891392] Sebitas: lightning annywhite
[Wed, 19. Jan 2022 04:37:01 CET | ID 570046221016891392] Sebitas: lightning annywhite
[Wed, 19. Jan 2022 04:37:01 CET | ID 570046221016891392] Sebitas: lightning annywhite
[Wed, 19. Jan 2022 04:37:02 CET | ID 570046221016891392] Sebitas: lightning annywhite
[Wed, 19. Jan 2022 04:37:03 CET | ID 570046221016891392] Sebitas: lightning annywhite
[Wed, 19. Jan 2022 04:37:04 CET | ID 570046221016891392] Sebitas: lightning annywhite
[Wed, 19. Jan 2022 04:37:05 CET | ID 570046221016891392] Sebitas: lightning annywhite
[Wed, 19. Jan 2022 04:38:53 CET | ID 570046221016891392] Sebitas: Effect annywhite 25 5
[Wed, 19. Jan 2022 05:04:00 CET | ID 570046221016891392] Sebitas: Lag
[Wed, 19. Jan 2022 05:09:46 CET | ID 570046221016891392] Sebitas: Lobby valkryon365
[Wed, 19. Jan 2022 05:12:18 CET | ID 570046221016891392] Sebitas: Spawn valkryon365
[Wed, 19. Jan 2022 05:12:53 CET | ID 570046221016891392] Sebitas: Back
[Wed, 19. Jan 2022 05:13:10 CET | ID 570046221016891392] Sebitas: Back valkryon365
[Wed, 19. Jan 2022 05:36:29 CET | ID 570046221016891392] Sebitas: Spawn pinfygirl
[Wed, 19. Jan 2022 05:40:18 CET | ID 570046221016891392] Sebitas: Effect annywhite 25 5
[Wed, 19. Jan 2022 05:40:38 CET | ID 570046221016891392] Sebitas: Effect annywhite 25 10
[Wed, 19. Jan 2022 05:51:05 CET | ID 570046221016891392] Sebitas: Spawn CharlyWatson
[Wed, 19. Jan 2022 05:51:10 CET | ID 570046221016891392] Sebitas: Back
[Wed, 19. Jan 2022 05:55:28 CET | ID 570046221016891392] Sebitas: Spawn CharlyWatson
[Wed, 19. Jan 2022 05:55:53 CET | ID 570046221016891392] Sebitas: Back annywhite
[Wed, 19. Jan 2022 05:55:58 CET | ID 570046221016891392] Sebitas: Spawn annywhite
[Wed, 19. Jan 2022 05:59:34 CET | ID 570046221016891392] Sebitas: Spawn annywhite
[Wed, 19. Jan 2022 06:04:11 CET | ID 570046221016891392] Sebitas: Spawn CharlyWatson
[Wed, 19. Jan 2022 06:37:01 CET | ID 570046221016891392] Sebitas: tm broadcast Hades\nComooo, viene tormenta eléctrica
[Wed, 19. Jan 2022 06:37:34 CET | ID 570046221016891392] Sebitas: Effect CharlyWatson regeneration 40 5
[Wed, 19. Jan 2022 06:37:39 CET | ID 570046221016891392] Sebitas: Lightning CharlyWatson
[Wed, 19. Jan 2022 06:37:41 CET | ID 570046221016891392] Sebitas: Lightning CharlyWatson
[Wed, 19. Jan 2022 06:37:42 CET | ID 570046221016891392] Sebitas: Lightning CharlyWatson
[Wed, 19. Jan 2022 06:37:43 CET | ID 570046221016891392] Sebitas: Lightning CharlyWatson
[Wed, 19. Jan 2022 06:37:44 CET | ID 570046221016891392] Sebitas: Lightning CharlyWatson
[Wed, 19. Jan 2022 06:37:45 CET | ID 570046221016891392] Sebitas: Lightning CharlyWatson
[Wed, 19. Jan 2022 06:37:45 CET | ID 570046221016891392] Sebitas: Lightning CharlyWatson
[Wed, 19. Jan 2022 06:37:47 CET | ID 570046221016891392] Sebitas: Lightning CharlyWatson
[Wed, 19. Jan 2022 06:37:48 CET | ID 570046221016891392] Sebitas: Lightning CharlyWatson
[Wed, 19. Jan 2022 06:37:48 CET | ID 570046221016891392] Sebitas: Lightning CharlyWatson
[Wed, 19. Jan 2022 06:37:50 CET | ID 570046221016891392] Sebitas: Lightning CharlyWatson
[Wed, 19. Jan 2022 06:37:51 CET | ID 570046221016891392] Sebitas: E
[Wed, 19. Jan 2022 06:40:22 CET | ID 570046221016891392] Sebitas: Effect CharlyWatson regeneration 30 5
[Wed, 19. Jan 2022 07:05:18 CET | ID 570046221016891392] Sebitas: Effect Pinfygirl 11 30 5
[Wed, 19. Jan 2022 07:05:45 CET | ID 570046221016891392] Sebitas: Effect Pinfygirl 5 30 250
[Wed, 19. Jan 2022 07:07:14 CET | ID 570046221016891392] Sebitas: Effect EdwinNorth 5 30 250
[Wed, 19. Jan 2022 07:09:01 CET | ID 570046221016891392] Sebitas: lp user dilansito7w7da parent set subdito-hierro
[Wed, 19. Jan 2022 07:30:38 CET | ID 570046221016891392] Sebitas: Lag
[Wed, 19. Jan 2022 07:30:53 CET | ID 570046221016891392] Sebitas: Lagg clear
[Wed, 19. Jan 2022 07:41:44 CET | ID 570046221016891392] Sebitas: Lag
[Wed, 19. Jan 2022 07:46:43 CET | ID 570046221016891392] Sebitas: give ckimba poppy 1
[Wed, 19. Jan 2022 07:49:19 CET | ID 570046221016891392] Sebitas: Time set day
[Wed, 19. Jan 2022 07:50:10 CET | ID 570046221016891392] Sebitas: Tell pinfygirl unos besos o que
[Wed, 19. Jan 2022 07:50:44 CET | ID 570046221016891392] Sebitas: lp user Adriano012 parent set subdito-cuero
[Wed, 19. Jan 2022 08:01:18 CET | ID 570046221016891392] Sebitas: Lag
[Wed, 19. Jan 2022 08:26:50 CET | ID 570046221016891392] Sebitas: Lightning cesarag122
[Wed, 19. Jan 2022 08:26:51 CET | ID 570046221016891392] Sebitas: Lightning cesarag122
[Wed, 19. Jan 2022 08:27:57 CET | ID 570046221016891392] Sebitas: Tell cesarag122 calmate por aquí que te iban a dar timeout
[Wed, 19. Jan 2022 08:45:24 CET | ID 570046221016891392] Sebitas: Lag
[Wed, 19. Jan 2022 08:45:43 CET | ID 570046221016891392] Sebitas: Lagg clear
[Wed, 19. Jan 2022 09:01:16 CET | ID 570046221016891392] Sebitas: Lightning el_tonny
[Wed, 19. Jan 2022 09:01:17 CET | ID 570046221016891392] Sebitas: Lightning el_tonny
[Wed, 19. Jan 2022 09:02:57 CET | ID 570046221016891392] Sebitas: Tp EdwinNorth annywhite
[Wed, 19. Jan 2022 09:05:19 CET | ID 570046221016891392] Sebitas: Effect el_tonny 5 30 250
[Wed, 19. Jan 2022 09:05:50 CET | ID 570046221016891392] Sebitas: Effect el_tonny 5 30 250
[Wed, 19. Jan 2022 09:35:21 CET | ID 570046221016891392] Sebitas: give annywhite poppy 1
[Wed, 19. Jan 2022 09:50:28 CET | ID 570046221016891392] Sebitas: Give ckimba 352 10
[Wed, 19. Jan 2022 09:56:16 CET | ID 570046221016891392] Sebitas: List
[Wed, 19. Jan 2022 09:57:13 CET | ID 570046221016891392] Sebitas: tm broadcast KingdomsCraft\nPolicia en camino
[Wed, 19. Jan 2022 09:58:39 CET | ID 570046221016891392] Sebitas: Effect ckimba 26 60 3
[Wed, 19. Jan 2022 18:17:11 CET | ID 570046221016891392] Sebitas: Lagg clear
[Wed, 19. Jan 2022 18:17:21 CET | ID 570046221016891392] Sebitas: Lag
[Wed, 19. Jan 2022 18:21:52 CET | ID 570046221016891392] Sebitas: Effect mikamint regeneration 30 3
[Wed, 19. Jan 2022 18:22:14 CET | ID 570046221016891392] Sebitas: Spawn p1per
[Wed, 19. Jan 2022 18:23:06 CET | ID 570046221016891392] Sebitas: Lag
[Wed, 19. Jan 2022 18:38:54 CET | ID 570046221016891392] Sebitas: Lightning mikamint
[Wed, 19. Jan 2022 18:46:51 CET | ID 570046221016891392] Sebitas: Lagg clear
[Wed, 19. Jan 2022 19:29:00 CET | ID 570046221016891392] Sebitas: Lightning Richosbar
[Wed, 19. Jan 2022 19:29:01 CET | ID 570046221016891392] Sebitas: Lightning mikamint
[Wed, 19. Jan 2022 19:29:25 CET | ID 570046221016891392] Sebitas: tm broadcast KingdomsCraft\nEso se habla entre reyes
[Wed, 19. Jan 2022 19:29:29 CET | ID 570046221016891392] Sebitas: Lightning mikamint
[Wed, 19. Jan 2022 19:29:33 CET | ID 570046221016891392] Sebitas: Lightning Richosbar
[Wed, 19. Jan 2022 19:29:59 CET | ID 570046221016891392] Sebitas: Spawn Richosbar
[Wed, 19. Jan 2022 19:30:31 CET | ID 570046221016891392] Sebitas: tm broadcast KingdomsCraft\nENTRE DIOSES
[Wed, 19. Jan 2022 19:30:43 CET | ID 570046221016891392] Sebitas: Effect mikamint regeneration 30 5
[Wed, 19. Jan 2022 19:30:45 CET | ID 570046221016891392] Sebitas: Lightning mikamint
[Wed, 19. Jan 2022 19:30:45 CET | ID 570046221016891392] Sebitas: Lightning mikamint
[Wed, 19. Jan 2022 19:30:46 CET | ID 570046221016891392] Sebitas: Lightning mikamint
[Wed, 19. Jan 2022 19:30:47 CET | ID 570046221016891392] Sebitas: Lightning mikamint
[Wed, 19. Jan 2022 19:30:48 CET | ID 570046221016891392] Sebitas: Lightning mikamint
[Wed, 19. Jan 2022 19:30:49 CET | ID 570046221016891392] Sebitas: Lightning mikamint
[Wed, 19. Jan 2022 19:30:50 CET | ID 570046221016891392] Sebitas: Lightning mikamint
[Wed, 19. Jan 2022 19:30:53 CET | ID 570046221016891392] Sebitas: Lightning mikamint
[Wed, 19. Jan 2022 19:35:17 CET | ID 570046221016891392] Sebitas: Lightning lord_killler
[Wed, 19. Jan 2022 19:44:59 CET | ID 570046221016891392] Sebitas: Lag
[Wed, 19. Jan 2022 19:47:47 CET | ID 570046221016891392] Sebitas: List
[Wed, 19. Jan 2022 20:12:43 CET | ID 570046221016891392] Sebitas: List
[Wed, 19. Jan 2022 20:13:04 CET | ID 570046221016891392] Sebitas: Lag
[Wed, 19. Jan 2022 20:13:46 CET | ID 570046221016891392] Sebitas: Tell pinfygirl no me ignore :c
[Wed, 19. Jan 2022 21:00:38 CET | ID 570046221016891392] Sebitas: List
[Wed, 19. Jan 2022 21:02:58 CET | ID 570046221016891392] Sebitas: Lag
[Wed, 19. Jan 2022 21:14:43 CET | ID 570046221016891392] Sebitas: List
[Wed, 19. Jan 2022 21:17:53 CET | ID 570046221016891392] Sebitas: Spawn andres
[Wed, 19. Jan 2022 21:18:14 CET | ID 570046221016891392] Sebitas: Spawn andres
[Wed, 19. Jan 2022 21:18:25 CET | ID 570046221016891392] Sebitas: Tp andres -65 65 -127
[Wed, 19. Jan 2022 21:20:11 CET | ID 570046221016891392] Sebitas: Spawn andres
[Wed, 19. Jan 2022 21:21:34 CET | ID 570046221016891392] Sebitas: Spawn andres
[Wed, 19. Jan 2022 21:56:55 CET | ID 570046221016891392] Sebitas: Aslovax
[Wed, 19. Jan 2022 21:57:06 CET | ID 570046221016891392] Sebitas: List
[Wed, 19. Jan 2022 21:59:34 CET | ID 570046221016891392] Sebitas: Spawn andres
[Wed, 19. Jan 2022 22:00:21 CET | ID 570046221016891392] Sebitas: Spawn andres
[Wed, 19. Jan 2022 22:05:22 CET | ID 570046221016891392] Sebitas: Spawn andres
[Wed, 19. Jan 2022 23:21:13 CET | ID 570046221016891392] Sebitas: Lag
[Wed, 19. Jan 2022 23:31:27 CET | ID 570046221016891392] Sebitas: Give ABreChaizZ 80 64
[Wed, 19. Jan 2022 23:31:44 CET | ID 570046221016891392] Sebitas: Give ABreChaizZ 80 10000
[Wed, 19. Jan 2022 23:32:03 CET | ID 570046221016891392] Sebitas: Give ABreChaizZ 80 1000
[Wed, 19. Jan 2022 23:32:11 CET | ID 570046221016891392] Sebitas: Give ABreChaizZ 80 10000
[Wed, 19. Jan 2022 23:32:31 CET | ID 570046221016891392] Sebitas: Give ABreChaizZ 80 10000
[Wed, 19. Jan 2022 23:32:51 CET | ID 570046221016891392] Sebitas: Give ABreChaizZ 80 10000
[Wed, 19. Jan 2022 23:33:08 CET | ID 570046221016891392] Sebitas: Give ABreChaizZ 80 10000
[Wed, 19. Jan 2022 23:33:29 CET | ID 570046221016891392] Sebitas: Give ABreChaizZ 80 10000
[Wed, 19. Jan 2022 23:33:50 CET | ID 570046221016891392] Sebitas: Give ABreChaizZ 80 10000
[Wed, 19. Jan 2022 23:34:13 CET | ID 570046221016891392] Sebitas: Give ABreChaizZ 80 10000
[Wed, 19. Jan 2022 23:34:34 CET | ID 570046221016891392] Sebitas: Give ABreChaizZ 80 10000
[Wed, 19. Jan 2022 23:34:51 CET | ID 570046221016891392] Sebitas: Give ABreChaizZ 80 10000
[Wed, 19. Jan 2022 23:35:16 CET | ID 570046221016891392] Sebitas: Give ABreChaizZ 80 10000
[Wed, 19. Jan 2022 23:35:42 CET | ID 570046221016891392] Sebitas: Give ABreChaizZ 80 10000
[Wed, 19. Jan 2022 23:36:26 CET | ID 570046221016891392] Sebitas: Give ABreChaizZ 80 10000
[Wed, 19. Jan 2022 23:37:04 CET | ID 570046221016891392] Sebitas: Give ABreChaizZ 80 10000
[Wed, 19. Jan 2022 23:37:30 CET | ID 570046221016891392] Sebitas: Give ABreChaizZ 80 10000
[Wed, 19. Jan 2022 23:38:01 CET | ID 570046221016891392] Sebitas: Give ABreChaizZ 80 10000
[Wed, 19. Jan 2022 23:38:14 CET | ID 570046221016891392] Sebitas: Give ABreChaizZ 80 10000
[Wed, 19. Jan 2022 23:39:17 CET | ID 570046221016891392] Sebitas: Give ABreChaizZ 80 10000
[Wed, 19. Jan 2022 23:40:04 CET | ID 570046221016891392] Sebitas: Give ABreChaizZ 80 10000
[Wed, 19. Jan 2022 23:40:55 CET | ID 570046221016891392] Sebitas: Give ABreChaizZ 80 10000
