[Wed, 26. Jan 2022 00:59:37 CET | ID 570046221016891392] Sebitas: Effect abue1601 regeneration 10 3
[Wed, 26. Jan 2022 01:01:17 CET | ID 570046221016891392] Sebitas: List
[Wed, 26. Jan 2022 01:01:59 CET | ID 570046221016891392] Sebitas: Lag
[Wed, 26. Jan 2022 05:37:07 CET | ID 570046221016891392] Sebitas: Lightning ABreChaizZ
[Wed, 26. Jan 2022 05:37:24 CET | ID 570046221016891392] Sebitas: Lightning ABreChaizZ
[Wed, 26. Jan 2022 05:47:30 CET | ID 344693856505167894] NoSoyRubiuz: gamemode 0 CaserolaCas
[Wed, 26. Jan 2022 05:59:03 CET | ID 570046221016891392] Sebitas: Give ABreChaizZ 351:4 3000
[Wed, 26. Jan 2022 05:59:44 CET | ID 570046221016891392] Sebitas: Give ABreChaizZ 351:4 3000
[Wed, 26. Jan 2022 06:00:48 CET | ID 570046221016891392] Sebitas: Give ABreChaizZ 351:4 3000
[Wed, 26. Jan 2022 06:01:24 CET | ID 570046221016891392] Sebitas: Give ABreChaizZ 351:4 3000
[Wed, 26. Jan 2022 06:01:59 CET | ID 570046221016891392] Sebitas: Give ABreChaizZ 351:4 3000
[Wed, 26. Jan 2022 06:02:28 CET | ID 570046221016891392] Sebitas: Give ABreChaizZ 351:4 3000
[Wed, 26. Jan 2022 06:02:41 CET | ID 570046221016891392] Sebitas: Give ABreChaizZ 351:4 3000
[Wed, 26. Jan 2022 06:02:48 CET | ID 570046221016891392] Sebitas: Give ABreChaizZ 351:4 3000
[Wed, 26. Jan 2022 06:02:57 CET | ID 570046221016891392] Sebitas: Give ABreChaizZ 351:4 3000
[Wed, 26. Jan 2022 06:03:12 CET | ID 570046221016891392] Sebitas: Give ABreChaizZ 351:4 3000
[Wed, 26. Jan 2022 06:03:29 CET | ID 570046221016891392] Sebitas: Give ABreChaizZ 351:4 3000
[Wed, 26. Jan 2022 06:03:34 CET | ID 570046221016891392] Sebitas: Give ABreChaizZ 351:4 3000
[Wed, 26. Jan 2022 06:03:44 CET | ID 570046221016891392] Sebitas: Give ABreChaizZ 351:4 3000
[Wed, 26. Jan 2022 06:03:52 CET | ID 570046221016891392] Sebitas: Give ABreChaizZ 351:4 3000
[Wed, 26. Jan 2022 06:04:23 CET | ID 570046221016891392] Sebitas: Give ABreChaizZ 351:4 3000
[Wed, 26. Jan 2022 06:04:46 CET | ID 570046221016891392] Sebitas: Give ABreChaizZ 351:4 3000
[Wed, 26. Jan 2022 06:05:29 CET | ID 570046221016891392] Sebitas: Give ABreChaizZ 351:4 3000
[Wed, 26. Jan 2022 06:06:07 CET | ID 570046221016891392] Sebitas: Give ABreChaizZ 351:4 3000
[Wed, 26. Jan 2022 06:06:35 CET | ID 570046221016891392] Sebitas: Give ABreChaizZ 351:4 3000
[Wed, 26. Jan 2022 06:07:04 CET | ID 570046221016891392] Sebitas: Give ABreChaizZ 351:4 3000
[Wed, 26. Jan 2022 06:07:26 CET | ID 570046221016891392] Sebitas: Give ABreChaizZ 351:4 3000
[Wed, 26. Jan 2022 06:07:49 CET | ID 570046221016891392] Sebitas: Give ABreChaizZ 351:4 3000
[Wed, 26. Jan 2022 06:08:14 CET | ID 570046221016891392] Sebitas: Give ABreChaizZ 351:4 3000
[Wed, 26. Jan 2022 06:08:43 CET | ID 570046221016891392] Sebitas: Give ABreChaizZ 351:4 3000
[Wed, 26. Jan 2022 06:09:15 CET | ID 570046221016891392] Sebitas: Give ABreChaizZ 351:4 3000
[Wed, 26. Jan 2022 06:12:59 CET | ID 570046221016891392] Sebitas: Give ABreChaizZ 351:4 3000
[Wed, 26. Jan 2022 06:15:10 CET | ID 570046221016891392] Sebitas: Give ABreChaizZ 351:4 3000
[Wed, 26. Jan 2022 06:16:58 CET | ID 570046221016891392] Sebitas: Give ABreChaizZ 351:4 3000
[Wed, 26. Jan 2022 06:19:17 CET | ID 570046221016891392] Sebitas: Give ABreChaizZ 351:4 3000
[Wed, 26. Jan 2022 06:21:13 CET | ID 570046221016891392] Sebitas: Give ABreChaizZ 351:4 3000
[Wed, 26. Jan 2022 06:21:35 CET | ID 570046221016891392] Sebitas: Give ABreChaizZ 351:4 3000
[Wed, 26. Jan 2022 12:06:49 CET | ID 570046221016891392] Sebitas: Lag
[Wed, 26. Jan 2022 23:57:51 CET | ID 570046221016891392] Sebitas: List
