[Sun, 16. Jan 2022 06:55:54 CET | ID 570046221016891392] Sebitas: lightning 0phy
[Sun, 16. Jan 2022 06:56:14 CET | ID 570046221016891392] Sebitas: lightning 0phy
[Sun, 16. Jan 2022 08:31:11 CET | ID 570046221016891392] Sebitas: Give
[Sun, 16. Jan 2022 08:32:49 CET | ID 570046221016891392] Sebitas: /give nan96 red_flower 1
[Sun, 16. Jan 2022 08:33:01 CET | ID 570046221016891392] Sebitas: give nan96 red_flower 1
[Sun, 16. Jan 2022 08:33:26 CET | ID 570046221016891392] Sebitas: give nan96 amapola 1
[Sun, 16. Jan 2022 08:33:57 CET | ID 570046221016891392] Sebitas: give nan96 Minecraft:red_flower 1
[Sun, 16. Jan 2022 08:34:23 CET | ID 570046221016891392] Sebitas: give nan96 flower 1
[Sun, 16. Jan 2022 08:35:32 CET | ID 570046221016891392] Sebitas: give nan96 red flower 1
[Sun, 16. Jan 2022 08:42:44 CET | ID 570046221016891392] Sebitas: give nan96 flower 1
[Sun, 16. Jan 2022 08:43:24 CET | ID 570046221016891392] Sebitas: give 0phy flower 1
[Sun, 16. Jan 2022 08:51:17 CET | ID 311864460803440650] ஜ 𝓓𝓸𝔁𝔀𝔂 ஜ: Whilelist add SuperYako73
[Sun, 16. Jan 2022 08:56:44 CET | ID 570046221016891392] Sebitas: give 0phy flower 1
[Sun, 16. Jan 2022 09:05:42 CET | ID 570046221016891392] Sebitas: tm broadcast KingdomsCraft\ndeja de usar esto rubius
[Sun, 16. Jan 2022 09:35:08 CET | ID 570046221016891392] Sebitas: give sheldoc flower 1
[Sun, 16. Jan 2022 10:09:42 CET | ID 570046221016891392] Sebitas: give 0phy flower 1
[Sun, 16. Jan 2022 10:19:38 CET | ID 570046221016891392] Sebitas: give 0phy flower 1
[Sun, 16. Jan 2022 10:34:51 CET | ID 570046221016891392] Sebitas: give sheldoc flower 1
[Sun, 16. Jan 2022 10:36:43 CET | ID 570046221016891392] Sebitas: give Valkryon365 flower 1
[Sun, 16. Jan 2022 10:38:17 CET | ID 570046221016891392] Sebitas: Yo te hubiera salvado dianniwis no como rubius
[Sun, 16. Jan 2022 10:40:47 CET | ID 570046221016891392] Sebitas: give nan96 flower 1
[Sun, 16. Jan 2022 10:43:42 CET | ID 570046221016891392] Sebitas: give CaserolaCas flower 1
[Sun, 16. Jan 2022 11:14:24 CET | ID 570046221016891392] Sebitas: give nan96 flower 1
[Sun, 16. Jan 2022 11:19:28 CET | ID 570046221016891392] Sebitas: give Itsrusita flower 1
[Sun, 16. Jan 2022 11:58:32 CET | ID 918556192010272839] Vippo: list
[Sun, 16. Jan 2022 18:36:13 CET | ID 570046221016891392] Sebitas: give Danilox07 bone 10
[Sun, 16. Jan 2022 19:38:16 CET | ID 570046221016891392] Sebitas: give mikamint poppy 1
[Sun, 16. Jan 2022 20:23:25 CET | ID 570046221016891392] Sebitas: Give sheldoc sapling 1
[Sun, 16. Jan 2022 20:35:30 CET | ID 570046221016891392] Sebitas: time set day
[Sun, 16. Jan 2022 20:53:27 CET | ID 570046221016891392] Sebitas: tp sheldoc yessjihyun
[Sun, 16. Jan 2022 21:35:00 CET | ID 570046221016891392] Sebitas: give mikamint diamond 30
[Sun, 16. Jan 2022 21:36:03 CET | ID 570046221016891392] Sebitas: give mikamint cobblestone 448
