[Tue, 18. Jan 2022 00:00:08 CET | ID 570046221016891392] Sebitas: Give annywhite milk 1
[Tue, 18. Jan 2022 00:01:32 CET | ID 570046221016891392] Sebitas: Give annywhite 335 1
[Tue, 18. Jan 2022 00:04:25 CET | ID 570046221016891392] Sebitas: Tp giouwur -65 65 -127
[Tue, 18. Jan 2022 00:09:23 CET | ID 570046221016891392] Sebitas: Tp annywhite -65 65 -127
[Tue, 18. Jan 2022 00:09:26 CET | ID 570046221016891392] Sebitas: Back annywhite
[Tue, 18. Jan 2022 02:02:37 CET | ID 311864460803440650] ஜ 𝓓𝓸𝔁𝔀𝔂 ஜ: Lag
[Tue, 18. Jan 2022 02:51:21 CET | ID 570046221016891392] Sebitas: Tp annywhite -65 65 -127
[Tue, 18. Jan 2022 02:57:30 CET | ID 570046221016891392] Sebitas: lightning rubiuzch
[Tue, 18. Jan 2022 03:21:23 CET | ID 570046221016891392] Sebitas: give dianniwis poppy 1
[Tue, 18. Jan 2022 03:21:51 CET | ID 570046221016891392] Sebitas: give dianniwis flower 1
[Tue, 18. Jan 2022 03:26:23 CET | ID 570046221016891392] Sebitas: give nan96 allium 1
[Tue, 18. Jan 2022 03:37:37 CET | ID 570046221016891392] Sebitas: lp user 6MrSicario9 parent set subdito-nieve
[Tue, 18. Jan 2022 03:43:53 CET | ID 570046221016891392] Sebitas: Time set day
[Tue, 18. Jan 2022 03:49:38 CET | ID 570046221016891392] Sebitas: Effect nan96 25 3
[Tue, 18. Jan 2022 03:54:24 CET | ID 570046221016891392] Sebitas: Effect ckimba 3 30 3
[Tue, 18. Jan 2022 03:58:59 CET | ID 570046221016891392] Sebitas: Effect nan96 3 60 2
[Tue, 18. Jan 2022 04:23:30 CET | ID 570046221016891392] Sebitas: Effect nan96 regeneration 10 3
[Tue, 18. Jan 2022 04:29:20 CET | ID 570046221016891392] Sebitas: Effect nan96 regeneration 5 3
[Tue, 18. Jan 2022 04:33:41 CET | ID 570046221016891392] Sebitas: Lightning dianniwis
[Tue, 18. Jan 2022 04:57:32 CET | ID 570046221016891392] Sebitas: Lightning dianniwis
[Tue, 18. Jan 2022 04:58:25 CET | ID 570046221016891392] Sebitas: Lightning valkryon365
[Tue, 18. Jan 2022 05:55:49 CET | ID 570046221016891392] Sebitas: Lightning valkryon365
[Tue, 18. Jan 2022 06:33:15 CET | ID 570046221016891392] Sebitas: lp user Itsrusita parent set subdito-lapislazuli
[Tue, 18. Jan 2022 06:42:02 CET | ID 570046221016891392] Sebitas: Effect sheldoc regeneration 5 3
[Tue, 18. Jan 2022 06:46:15 CET | ID 570046221016891392] Sebitas: Give sheldoc 340 1
[Tue, 18. Jan 2022 06:47:53 CET | ID 570046221016891392] Sebitas: Effect aslovax 25 3
[Tue, 18. Jan 2022 06:49:26 CET | ID 570046221016891392] Sebitas: Effect aslovax 25 5
[Tue, 18. Jan 2022 06:50:23 CET | ID 570046221016891392] Sebitas: Effect LaeE3 25 5
[Tue, 18. Jan 2022 06:51:30 CET | ID 570046221016891392] Sebitas: Effect LaeE3 25 5
[Tue, 18. Jan 2022 06:52:10 CET | ID 570046221016891392] Sebitas: Give aslovax protection 1
[Tue, 18. Jan 2022 06:55:35 CET | ID 570046221016891392] Sebitas: Lightning ABreChaizZ
[Tue, 18. Jan 2022 07:05:15 CET | ID 570046221016891392] Sebitas: Lightning LaeE3
[Tue, 18. Jan 2022 07:06:17 CET | ID 570046221016891392] Sebitas: Effect LaeE3 regeneration 30 5
[Tue, 18. Jan 2022 07:06:19 CET | ID 570046221016891392] Sebitas: Lightning LaeE3
[Tue, 18. Jan 2022 07:06:21 CET | ID 570046221016891392] Sebitas: Lightning LaeE3
[Tue, 18. Jan 2022 07:06:28 CET | ID 570046221016891392] Sebitas: Lightning LaeE3
[Tue, 18. Jan 2022 07:06:29 CET | ID 570046221016891392] Sebitas: Lightning LaeE3
[Tue, 18. Jan 2022 07:16:23 CET | ID 570046221016891392] Sebitas: Effect valkryon365 regeneration 30 5
[Tue, 18. Jan 2022 07:16:26 CET | ID 570046221016891392] Sebitas: Lightning Valkryon365
[Tue, 18. Jan 2022 07:16:29 CET | ID 570046221016891392] Sebitas: Lightning Valkryon365
[Tue, 18. Jan 2022 07:16:30 CET | ID 570046221016891392] Sebitas: Lightning Valkryon365
[Tue, 18. Jan 2022 07:16:32 CET | ID 570046221016891392] Sebitas: Lightning Valkryon365
[Tue, 18. Jan 2022 07:16:34 CET | ID 570046221016891392] Sebitas: Lightning Valkryon365
[Tue, 18. Jan 2022 07:16:35 CET | ID 570046221016891392] Sebitas: Lightning Valkryon365
[Tue, 18. Jan 2022 07:16:37 CET | ID 570046221016891392] Sebitas: Lightning Valkryon365
[Tue, 18. Jan 2022 07:16:40 CET | ID 570046221016891392] Sebitas: Lightning Valkryon365
[Tue, 18. Jan 2022 07:16:48 CET | ID 570046221016891392] Sebitas: Lightning Valkryon365
[Tue, 18. Jan 2022 07:17:23 CET | ID 570046221016891392] Sebitas: tm broadcast KingdomsCraft\nEstan fuertes las tormentas eléctricas
[Tue, 18. Jan 2022 07:26:42 CET | ID 570046221016891392] Sebitas: Effect Richosbar regeneration 30 5
[Tue, 18. Jan 2022 07:26:43 CET | ID 570046221016891392] Sebitas: Lightning Richosbar
[Tue, 18. Jan 2022 07:29:25 CET | ID 570046221016891392] Sebitas: Effect Richosbar regeneration 30 5
[Tue, 18. Jan 2022 07:29:28 CET | ID 570046221016891392] Sebitas: Lightning Richosbar
[Tue, 18. Jan 2022 07:29:30 CET | ID 570046221016891392] Sebitas: Lightning Richosbar
[Tue, 18. Jan 2022 07:29:31 CET | ID 570046221016891392] Sebitas: Lightning Richosbar
[Tue, 18. Jan 2022 07:29:33 CET | ID 570046221016891392] Sebitas: Lightning Richosbar
[Tue, 18. Jan 2022 07:29:35 CET | ID 570046221016891392] Sebitas: Lightning Richosbar
[Tue, 18. Jan 2022 07:29:36 CET | ID 570046221016891392] Sebitas: Lightning Richosbar
[Tue, 18. Jan 2022 07:29:37 CET | ID 570046221016891392] Sebitas: Lightning Richosbar
[Tue, 18. Jan 2022 07:29:39 CET | ID 570046221016891392] Sebitas: Lightning Richosbar
[Tue, 18. Jan 2022 07:29:40 CET | ID 570046221016891392] Sebitas: Lightning Richosbar
[Tue, 18. Jan 2022 07:29:41 CET | ID 570046221016891392] Sebitas: Lightning Richosbar
[Tue, 18. Jan 2022 07:29:44 CET | ID 570046221016891392] Sebitas: Lightning Richosbar
[Tue, 18. Jan 2022 07:36:15 CET | ID 570046221016891392] Sebitas: tm broadcast KingdomsCraft\nNo retén a los DIOSES
[Tue, 18. Jan 2022 07:39:11 CET | ID 570046221016891392] Sebitas: Lightning ABreChaizZ
[Tue, 18. Jan 2022 07:41:03 CET | ID 570046221016891392] Sebitas: tm broadcast KingdomsCraft\nTu sacrificio no fue aceptado LaeE3
[Tue, 18. Jan 2022 07:50:19 CET | ID 570046221016891392] Sebitas: Lightning Valkryon365
[Tue, 18. Jan 2022 07:52:01 CET | ID 570046221016891392] Sebitas: tm broadcast KingdomsCraft\nSu sacrificio fue aceptado
[Tue, 18. Jan 2022 07:54:39 CET | ID 570046221016891392] Sebitas: tm broadcast KingdomsCraft\nVolver para completar el ritual
[Tue, 18. Jan 2022 07:56:19 CET | ID 570046221016891392] Sebitas: Lightning ABreChaizZ
[Tue, 18. Jan 2022 08:04:59 CET | ID 570046221016891392] Sebitas: Tp zana09 LaeE3
[Tue, 18. Jan 2022 08:06:43 CET | ID 570046221016891392] Sebitas: tm broadcast KingdomsCraft\nEl mundo del castillo es ilegal
[Tue, 18. Jan 2022 08:09:11 CET | ID 570046221016891392] Sebitas: Lightning LaeE3
[Tue, 18. Jan 2022 08:09:34 CET | ID 570046221016891392] Sebitas: Effect LaeE3 regeneration 30 5
[Tue, 18. Jan 2022 08:09:35 CET | ID 570046221016891392] Sebitas: Lightning LaeE3
[Tue, 18. Jan 2022 08:09:37 CET | ID 570046221016891392] Sebitas: Lightning LaeE3
[Tue, 18. Jan 2022 08:09:38 CET | ID 570046221016891392] Sebitas: Lightning LaeE3
[Tue, 18. Jan 2022 08:09:39 CET | ID 570046221016891392] Sebitas: Lightning LaeE3
[Tue, 18. Jan 2022 08:09:40 CET | ID 570046221016891392] Sebitas: Lightning LaeE3
[Tue, 18. Jan 2022 08:09:41 CET | ID 570046221016891392] Sebitas: Lightning LaeE3
[Tue, 18. Jan 2022 08:09:43 CET | ID 570046221016891392] Sebitas: Lightning LaeE3
[Tue, 18. Jan 2022 08:09:44 CET | ID 570046221016891392] Sebitas: Lightning LaeE3
[Tue, 18. Jan 2022 08:09:50 CET | ID 570046221016891392] Sebitas: Lightning LaeE3
[Tue, 18. Jan 2022 08:13:37 CET | ID 570046221016891392] Sebitas: Effect LaeE3 regeneration 10 5
[Tue, 18. Jan 2022 08:14:07 CET | ID 570046221016891392] Sebitas: Lightning maskapito
[Tue, 18. Jan 2022 08:16:13 CET | ID 570046221016891392] Sebitas: Lightning ABreChaizZ
[Tue, 18. Jan 2022 08:16:46 CET | ID 570046221016891392] Sebitas: Spawn aslovax
[Tue, 18. Jan 2022 08:17:34 CET | ID 570046221016891392] Sebitas: tm broadcast KingdomsCraft\n30 segundos para salir del castillo o sufrirán la furia de los Dioses
[Tue, 18. Jan 2022 08:30:54 CET | ID 570046221016891392] Sebitas: Lightning el_tony
[Tue, 18. Jan 2022 08:31:03 CET | ID 570046221016891392] Sebitas: Lightning el_tonny
[Tue, 18. Jan 2022 08:31:31 CET | ID 570046221016891392] Sebitas: Effect el_tonny regeneration 5 3
[Tue, 18. Jan 2022 08:33:15 CET | ID 570046221016891392] Sebitas: Lightning LaeE3
[Tue, 18. Jan 2022 08:35:23 CET | ID 570046221016891392] Sebitas: Tell
[Tue, 18. Jan 2022 08:35:46 CET | ID 570046221016891392] Sebitas: Tell el_tonny entra a discord
[Tue, 18. Jan 2022 08:36:54 CET | ID 570046221016891392] Sebitas: Lightning LaeE3
[Tue, 18. Jan 2022 08:40:00 CET | ID 570046221016891392] Sebitas: Lag
[Tue, 18. Jan 2022 08:46:02 CET | ID 570046221016891392] Sebitas: Lag
[Tue, 18. Jan 2022 08:46:36 CET | ID 570046221016891392] Sebitas: Tp EdwinNorth -65 65 -127
[Tue, 18. Jan 2022 08:46:46 CET | ID 570046221016891392] Sebitas: Back EdwinNorth
[Tue, 18. Jan 2022 08:51:56 CET | ID 570046221016891392] Sebitas: Lag
[Tue, 18. Jan 2022 10:46:51 CET | ID 570046221016891392] Sebitas: Effect LaeE3 5 10 10000
[Tue, 18. Jan 2022 10:47:04 CET | ID 570046221016891392] Sebitas: Effect LaeE3 5 10 225
[Tue, 18. Jan 2022 10:49:19 CET | ID 570046221016891392] Sebitas: Broadcast
[Tue, 18. Jan 2022 10:51:24 CET | ID 570046221016891392] Sebitas: Back pinfygirl
[Tue, 18. Jan 2022 10:52:36 CET | ID 570046221016891392] Sebitas: Spawn LaeE3
[Tue, 18. Jan 2022 10:55:23 CET | ID 570046221016891392] Sebitas: Give pinfygirl poppy 1
[Tue, 18. Jan 2022 10:56:26 CET | ID 570046221016891392] Sebitas: Effect LaeE3 5 30 250
[Tue, 18. Jan 2022 11:04:30 CET | ID 570046221016891392] Sebitas: Effect LaeE3 5 30 250
[Tue, 18. Jan 2022 16:54:30 CET | ID 570046221016891392] Sebitas: Storm
[Tue, 18. Jan 2022 16:55:24 CET | ID 570046221016891392] Sebitas: Storm 600
[Tue, 18. Jan 2022 16:55:51 CET | ID 570046221016891392] Sebitas: Storm 1 600
[Tue, 18. Jan 2022 16:56:11 CET | ID 570046221016891392] Sebitas: Storm 2 600
[Tue, 18. Jan 2022 16:56:59 CET | ID 570046221016891392] Sebitas: Storm 1 storm 600
[Tue, 18. Jan 2022 16:57:15 CET | ID 570046221016891392] Sebitas: Lightning
[Tue, 18. Jan 2022 16:58:58 CET | ID 570046221016891392] Sebitas: tm broadcast KingdomsCraft\nCuidado están fuertes las tormentas eléctricas
[Tue, 18. Jan 2022 16:59:44 CET | ID 570046221016891392] Sebitas: Effect mikamint regeneration 30 5
[Tue, 18. Jan 2022 16:59:45 CET | ID 570046221016891392] Sebitas: Lightning mikamint
[Tue, 18. Jan 2022 16:59:46 CET | ID 570046221016891392] Sebitas: Lightning mikamint
[Tue, 18. Jan 2022 16:59:49 CET | ID 570046221016891392] Sebitas: Lightning mikamint
[Tue, 18. Jan 2022 16:59:51 CET | ID 570046221016891392] Sebitas: Lightning mikamint
[Tue, 18. Jan 2022 16:59:52 CET | ID 570046221016891392] Sebitas: Lightning mikamint
[Tue, 18. Jan 2022 16:59:53 CET | ID 570046221016891392] Sebitas: Lightning mikamint
[Tue, 18. Jan 2022 16:59:55 CET | ID 570046221016891392] Sebitas: Lightning mikamint
[Tue, 18. Jan 2022 16:59:56 CET | ID 570046221016891392] Sebitas: Lightning mikamint
[Tue, 18. Jan 2022 16:59:57 CET | ID 570046221016891392] Sebitas: Lightning mikamint
[Tue, 18. Jan 2022 17:00:00 CET | ID 570046221016891392] Sebitas: Lightning mikamint
[Tue, 18. Jan 2022 17:00:03 CET | ID 570046221016891392] Sebitas: Lightning mikamint
[Tue, 18. Jan 2022 17:01:23 CET | ID 570046221016891392] Sebitas: Effect regeneration 40 3
[Tue, 18. Jan 2022 17:01:24 CET | ID 570046221016891392] Sebitas: Lightning julf0
[Tue, 18. Jan 2022 17:01:26 CET | ID 570046221016891392] Sebitas: Lightning julf0
[Tue, 18. Jan 2022 17:03:44 CET | ID 570046221016891392] Sebitas: tm broadcast KingdomsCraft\nMuy poca oración a los Dioses
[Tue, 18. Jan 2022 17:03:53 CET | ID 570046221016891392] Sebitas: tm broadcast KingdomsCraft\nPor eso las tormentas eléctricas
[Tue, 18. Jan 2022 17:06:01 CET | ID 570046221016891392] Sebitas: Tell
[Tue, 18. Jan 2022 17:06:49 CET | ID 570046221016891392] Sebitas: Tell mikamint Un poco de weed para los Dioses ayudaría con la tormenta eléctrica
[Tue, 18. Jan 2022 17:09:55 CET | ID 570046221016891392] Sebitas: Effect mikamint 25 10
[Tue, 18. Jan 2022 17:17:21 CET | ID 570046221016891392] Sebitas: Effect el_tonny 25 10
[Tue, 18. Jan 2022 17:23:07 CET | ID 570046221016891392] Sebitas: Effect Danilox07 5 10 250
[Tue, 18. Jan 2022 17:39:07 CET | ID 570046221016891392] Sebitas: Lag
[Tue, 18. Jan 2022 17:40:51 CET | ID 570046221016891392] Sebitas: Effect chepequique regeneration 30
[Tue, 18. Jan 2022 17:41:33 CET | ID 570046221016891392] Sebitas: Effect chepequique regeneration 30
[Tue, 18. Jan 2022 17:41:34 CET | ID 570046221016891392] Sebitas: Lightning chepequique
[Tue, 18. Jan 2022 17:41:35 CET | ID 570046221016891392] Sebitas: Lightning chepequique
[Tue, 18. Jan 2022 17:41:36 CET | ID 570046221016891392] Sebitas: Lightning chepequique
[Tue, 18. Jan 2022 17:41:38 CET | ID 570046221016891392] Sebitas: Lightning chepequique
[Tue, 18. Jan 2022 17:41:39 CET | ID 570046221016891392] Sebitas: Lightning chepequique
[Tue, 18. Jan 2022 17:41:40 CET | ID 570046221016891392] Sebitas: Lightning chepequique
[Tue, 18. Jan 2022 17:41:41 CET | ID 570046221016891392] Sebitas: Lightning chepequique
[Tue, 18. Jan 2022 17:45:39 CET | ID 570046221016891392] Sebitas: Lag
[Tue, 18. Jan 2022 17:48:48 CET | ID 570046221016891392] Sebitas: Lag
[Tue, 18. Jan 2022 17:56:27 CET | ID 570046221016891392] Sebitas: Effect chepequique 3 60 2
[Tue, 18. Jan 2022 17:59:38 CET | ID 570046221016891392] Sebitas: Give chepequique 335 1
[Tue, 18. Jan 2022 18:00:26 CET | ID 570046221016891392] Sebitas: Lag
[Tue, 18. Jan 2022 18:08:36 CET | ID 570046221016891392] Sebitas: Lag
[Tue, 18. Jan 2022 18:18:43 CET | ID 570046221016891392] Sebitas: Lag
[Tue, 18. Jan 2022 18:23:29 CET | ID 570046221016891392] Sebitas: Lag
[Tue, 18. Jan 2022 19:22:26 CET | ID 570046221016891392] Sebitas: give mikamint poppy 1
[Tue, 18. Jan 2022 19:38:06 CET | ID 570046221016891392] Sebitas: List
[Tue, 18. Jan 2022 19:38:44 CET | ID 570046221016891392] Sebitas: Tell maskapito che maska me ayudas
[Tue, 18. Jan 2022 20:25:38 CET | ID 899795714371108955] abracheizzzz: /op lord_killler
[Tue, 18. Jan 2022 20:28:36 CET | ID 570046221016891392] Sebitas: Lag
[Tue, 18. Jan 2022 20:31:50 CET | ID 570046221016891392] Sebitas: Lag
[Tue, 18. Jan 2022 20:33:25 CET | ID 311864460803440650] ஜ 𝓓𝓸𝔁𝔀𝔂 ஜ: /op Lord_Killler
[Tue, 18. Jan 2022 20:33:59 CET | ID 570046221016891392] Sebitas: Lag
[Tue, 18. Jan 2022 20:37:48 CET | ID 570046221016891392] Sebitas: Lag
[Tue, 18. Jan 2022 20:40:52 CET | ID 570046221016891392] Sebitas: Lag
[Tue, 18. Jan 2022 20:43:58 CET | ID 570046221016891392] Sebitas: Lag
[Tue, 18. Jan 2022 20:59:14 CET | ID 570046221016891392] Sebitas: Effect mikamint 25 15
[Tue, 18. Jan 2022 21:00:06 CET | ID 570046221016891392] Sebitas: Effect mikamint 25 15
[Tue, 18. Jan 2022 21:02:03 CET | ID 570046221016891392] Sebitas: Effect mikamint 25 15
[Tue, 18. Jan 2022 21:03:44 CET | ID 570046221016891392] Sebitas: Jump
[Tue, 18. Jan 2022 21:04:26 CET | ID 570046221016891392] Sebitas: Effect mikamint 25 5
[Tue, 18. Jan 2022 21:06:02 CET | ID 570046221016891392] Sebitas: Lag
[Tue, 18. Jan 2022 21:06:31 CET | ID 570046221016891392] Sebitas: Lag
[Tue, 18. Jan 2022 21:08:51 CET | ID 570046221016891392] Sebitas: Lag
[Tue, 18. Jan 2022 21:10:54 CET | ID 570046221016891392] Sebitas: Tp julf0 -65 65 -127
[Tue, 18. Jan 2022 21:11:01 CET | ID 570046221016891392] Sebitas: Back julf0
[Tue, 18. Jan 2022 21:11:38 CET | ID 570046221016891392] Sebitas: Home julf0
[Tue, 18. Jan 2022 21:12:07 CET | ID 570046221016891392] Sebitas: Tp julf0 nirmax
[Tue, 18. Jan 2022 21:13:30 CET | ID 570046221016891392] Sebitas: Lag
[Tue, 18. Jan 2022 21:16:03 CET | ID 570046221016891392] Sebitas: Tell nan96 ola
[Tue, 18. Jan 2022 21:17:20 CET | ID 570046221016891392] Sebitas: Effect mikamint regeneration 30 5
[Tue, 18. Jan 2022 21:38:28 CET | ID 570046221016891392] Sebitas: Lag
[Tue, 18. Jan 2022 21:46:15 CET | ID 570046221016891392] Sebitas: Effect julf0 regeneration 15 3
[Tue, 18. Jan 2022 21:49:26 CET | ID 570046221016891392] Sebitas: Effect mikamint 5 30 250
[Tue, 18. Jan 2022 21:50:06 CET | ID 570046221016891392] Sebitas: Effect mikamint 5 30 250
[Tue, 18. Jan 2022 21:54:52 CET | ID 570046221016891392] Sebitas: Lag
[Tue, 18. Jan 2022 22:01:40 CET | ID 570046221016891392] Sebitas: Lag
[Tue, 18. Jan 2022 22:02:14 CET | ID 570046221016891392] Sebitas: Tell nan96 Hola
[Tue, 18. Jan 2022 22:03:08 CET | ID 570046221016891392] Sebitas: Tell nan96 naaaan
[Tue, 18. Jan 2022 22:03:40 CET | ID 570046221016891392] Sebitas: Lag
[Tue, 18. Jan 2022 22:21:39 CET | ID 570046221016891392] Sebitas: Tell mikamint ola
[Tue, 18. Jan 2022 22:22:10 CET | ID 570046221016891392] Sebitas: Tell nan96 entrele a discord
[Tue, 18. Jan 2022 22:25:35 CET | ID 570046221016891392] Sebitas: Kag
[Tue, 18. Jan 2022 22:25:43 CET | ID 570046221016891392] Sebitas: Lag
[Tue, 18. Jan 2022 22:28:03 CET | ID 570046221016891392] Sebitas: Tp mikamint -65 65 -127
[Tue, 18. Jan 2022 22:28:07 CET | ID 570046221016891392] Sebitas: Back mikamint
[Tue, 18. Jan 2022 22:28:55 CET | ID 570046221016891392] Sebitas: Tp mikamint -65 65 -127
[Tue, 18. Jan 2022 22:29:00 CET | ID 570046221016891392] Sebitas: Back mikamint
[Tue, 18. Jan 2022 22:29:35 CET | ID 570046221016891392] Sebitas: Tp mikamint -65 65 -127
[Tue, 18. Jan 2022 22:29:39 CET | ID 570046221016891392] Sebitas: Back mikamint
[Tue, 18. Jan 2022 22:30:54 CET | ID 570046221016891392] Sebitas: Lag
[Tue, 18. Jan 2022 22:33:44 CET | ID 570046221016891392] Sebitas: Lag
[Tue, 18. Jan 2022 22:50:57 CET | ID 570046221016891392] Sebitas: Lag
[Tue, 18. Jan 2022 23:21:51 CET | ID 570046221016891392] Sebitas: Effect mikamint regeneration 30 3
[Tue, 18. Jan 2022 23:22:12 CET | ID 570046221016891392] Sebitas: Effect mikamint 5 30 250
[Tue, 18. Jan 2022 23:30:19 CET | ID 570046221016891392] Sebitas: Effect mikamint regeneration 5 3
