[Mon, 17. Jan 2022 01:01:50 CET | ID 570046221016891392] Sebitas: lp user LaeE3 parent set rey-setas
[Mon, 17. Jan 2022 01:04:34 CET | ID 570046221016891392] Sebitas: lp user cmaquera parent set subdito-setas
[Mon, 17. Jan 2022 01:06:22 CET | ID 570046221016891392] Sebitas: Tp LaeE3 cmaquera
[Mon, 17. Jan 2022 01:08:09 CET | ID 570046221016891392] Sebitas: tp chepequique valkryon365
[Mon, 17. Jan 2022 01:36:34 CET | ID 570046221016891392] Sebitas: Lightning ckimba
[Mon, 17. Jan 2022 01:41:00 CET | ID 570046221016891392] Sebitas: lp user IgniteYourSoul parent set subdito-lapislázuli
[Mon, 17. Jan 2022 01:41:13 CET | ID 570046221016891392] Sebitas: lp user IgniteYourSoul parent set subdito-lapislazuli
[Mon, 17. Jan 2022 01:50:05 CET | ID 570046221016891392] Sebitas: lp user annywhite parent set rey-oro
[Mon, 17. Jan 2022 01:50:54 CET | ID 570046221016891392] Sebitas: lp user Cesarag122 parent set subdito-oro
[Mon, 17. Jan 2022 01:57:00 CET | ID 570046221016891392] Sebitas: give annywhite poppy 1
[Mon, 17. Jan 2022 01:59:25 CET | ID 570046221016891392] Sebitas: lp user bill84 parent set subdito-oro
[Mon, 17. Jan 2022 02:11:36 CET | ID 570046221016891392] Sebitas: Lightning annywhite
[Mon, 17. Jan 2022 02:48:38 CET | ID 570046221016891392] Sebitas: Tp p1per annywhite
[Mon, 17. Jan 2022 03:07:57 CET | ID 570046221016891392] Sebitas: Tp giouwurr annywhite
[Mon, 17. Jan 2022 03:10:02 CET | ID 570046221016891392] Sebitas: Tp giouwurr valkryon365
[Mon, 17. Jan 2022 03:10:17 CET | ID 570046221016891392] Sebitas: Tp giouwurr sheldoc
[Mon, 17. Jan 2022 03:11:07 CET | ID 570046221016891392] Sebitas: Tp giouwurr LaeE3
[Mon, 17. Jan 2022 03:11:26 CET | ID 570046221016891392] Sebitas: To giouwu sheldoc
[Mon, 17. Jan 2022 03:11:33 CET | ID 570046221016891392] Sebitas: To giouwu sheldoc
[Mon, 17. Jan 2022 03:11:38 CET | ID 570046221016891392] Sebitas: Asa
[Mon, 17. Jan 2022 03:11:48 CET | ID 570046221016891392] Sebitas: Tp giouwur sheldoc
[Mon, 17. Jan 2022 03:12:31 CET | ID 570046221016891392] Sebitas: Tp giouwur sheldoc
[Mon, 17. Jan 2022 03:13:15 CET | ID 570046221016891392] Sebitas: Tp GioUwUr SHELDOC
[Mon, 17. Jan 2022 03:14:03 CET | ID 570046221016891392] Sebitas: Tp giouwur sheldoc
[Mon, 17. Jan 2022 03:14:34 CET | ID 570046221016891392] Sebitas: Tp giouwur annywhite
[Mon, 17. Jan 2022 03:41:38 CET | ID 570046221016891392] Sebitas: Tp annywhite valkryon365
[Mon, 17. Jan 2022 03:44:45 CET | ID 570046221016891392] Sebitas: Tp annywhite valkryon365
[Mon, 17. Jan 2022 03:47:20 CET | ID 570046221016891392] Sebitas: Tp maskapito annywhite
[Mon, 17. Jan 2022 03:55:22 CET | ID 570046221016891392] Sebitas: Tp ax221 annywhite
[Mon, 17. Jan 2022 03:56:30 CET | ID 570046221016891392] Sebitas: Tp ax221 annywhite
[Mon, 17. Jan 2022 03:56:57 CET | ID 570046221016891392] Sebitas: Tp ax221 valkryon365
[Mon, 17. Jan 2022 04:15:10 CET | ID 570046221016891392] Sebitas: give maskapito poppy 1
[Mon, 17. Jan 2022 04:22:53 CET | ID 570046221016891392] Sebitas: /lp user El_tonny parent set subdito-oro
[Mon, 17. Jan 2022 04:23:06 CET | ID 570046221016891392] Sebitas: lp user El_tonny parent set subdito-oro
[Mon, 17. Jan 2022 05:17:55 CET | ID 570046221016891392] Sebitas: give nan96 poppy 1
[Mon, 17. Jan 2022 05:20:37 CET | ID 570046221016891392] Sebitas: give 0phy poppy 1
[Mon, 17. Jan 2022 05:20:47 CET | ID 570046221016891392] Sebitas: give 0phy flower 1
[Mon, 17. Jan 2022 05:47:34 CET | ID 570046221016891392] Sebitas: give LaeE3 poppy 1
[Mon, 17. Jan 2022 05:58:54 CET | ID 570046221016891392] Sebitas: Lightning laeE3
[Mon, 17. Jan 2022 06:01:50 CET | ID 570046221016891392] Sebitas: Lightning sr_juancastillo
[Mon, 17. Jan 2022 06:03:57 CET | ID 570046221016891392] Sebitas: give nan96 flower 1
[Mon, 17. Jan 2022 06:08:53 CET | ID 570046221016891392] Sebitas: lp user Kal_VlzK parent set subdito-hierro
[Mon, 17. Jan 2022 06:28:47 CET | ID 570046221016891392] Sebitas: Time set day
[Mon, 17. Jan 2022 06:36:16 CET | ID 570046221016891392] Sebitas: Give annywhite iron_axe 1
[Mon, 17. Jan 2022 06:37:35 CET | ID 570046221016891392] Sebitas: Tp annywhite valkryon365
[Mon, 17. Jan 2022 06:38:08 CET | ID 570046221016891392] Sebitas: Back annywhite
[Mon, 17. Jan 2022 06:53:42 CET | ID 570046221016891392] Sebitas: give CharlyWatson poppy 1
[Mon, 17. Jan 2022 07:05:26 CET | ID 570046221016891392] Sebitas: Give CharlyWatson iron 384
[Mon, 17. Jan 2022 07:36:03 CET | ID 570046221016891392] Sebitas: Give annywhite poppy 1
[Mon, 17. Jan 2022 07:37:02 CET | ID 570046221016891392] Sebitas: Give annywhite axe_iron
[Mon, 17. Jan 2022 07:47:17 CET | ID 570046221016891392] Sebitas: Tp annywhite CharlyWatson
[Mon, 17. Jan 2022 07:47:18 CET | ID 570046221016891392] Sebitas: Back annywhite
[Mon, 17. Jan 2022 07:59:04 CET | ID 570046221016891392] Sebitas: tm broadcast KingdomsCraft\nAsi
[Mon, 17. Jan 2022 08:02:12 CET | ID 570046221016891392] Sebitas: Give annywhite orchid
[Mon, 17. Jan 2022 08:06:26 CET | ID 570046221016891392] Sebitas: Tp annywhite valkryon365
[Mon, 17. Jan 2022 08:06:29 CET | ID 570046221016891392] Sebitas: Back annywhite
[Mon, 17. Jan 2022 08:07:15 CET | ID 570046221016891392] Sebitas: tm broadcast KingdomsCraft\nNan ta bien wapa
[Mon, 17. Jan 2022 08:12:36 CET | ID 570046221016891392] Sebitas: lightning ABreChaizZ
[Mon, 17. Jan 2022 08:12:47 CET | ID 570046221016891392] Sebitas: lightning ABreChaizZ
[Mon, 17. Jan 2022 08:24:33 CET | ID 570046221016891392] Sebitas: lightning ribiuzch
[Mon, 17. Jan 2022 08:24:46 CET | ID 570046221016891392] Sebitas: lightning ribiusch
[Mon, 17. Jan 2022 08:24:58 CET | ID 570046221016891392] Sebitas: lightning rubiuzch
[Mon, 17. Jan 2022 08:27:57 CET | ID 570046221016891392] Sebitas: Give nan96 orchid 1
[Mon, 17. Jan 2022 08:35:33 CET | ID 570046221016891392] Sebitas: Tp ABreChaizZ -65 65 -127
[Mon, 17. Jan 2022 08:42:36 CET | ID 570046221016891392] Sebitas: Tp annywhite -65 65 -127
[Mon, 17. Jan 2022 08:42:39 CET | ID 570046221016891392] Sebitas: Back annywhite
[Mon, 17. Jan 2022 19:11:29 CET | ID 570046221016891392] Sebitas: Tp AX221 -65 65 -127
[Mon, 17. Jan 2022 19:11:45 CET | ID 570046221016891392] Sebitas: Back ax221
[Mon, 17. Jan 2022 19:13:36 CET | ID 570046221016891392] Sebitas: Tp chepequique -65 65 -127
[Mon, 17. Jan 2022 19:13:44 CET | ID 570046221016891392] Sebitas: Back chepequique
[Mon, 17. Jan 2022 19:14:13 CET | ID 570046221016891392] Sebitas: Back chepequique
[Mon, 17. Jan 2022 19:14:31 CET | ID 570046221016891392] Sebitas: Back chepequique
[Mon, 17. Jan 2022 19:16:04 CET | ID 570046221016891392] Sebitas: Back chepequique
[Mon, 17. Jan 2022 19:42:53 CET | ID 570046221016891392] Sebitas: tm broadcast KingdomsCraft\nReinicio de server, no tardará más de 2 minutos
[Mon, 17. Jan 2022 19:44:24 CET | ID 570046221016891392] Sebitas: Broadcasti6l reinicio del servidor
[Mon, 17. Jan 2022 20:05:41 CET | ID 570046221016891392] Sebitas: Give Danilox07 esqueleton 1
[Mon, 17. Jan 2022 20:20:44 CET | ID 570046221016891392] Sebitas: Tp p1per -65 65 -127
[Mon, 17. Jan 2022 20:20:48 CET | ID 570046221016891392] Sebitas: Back p1per
[Mon, 17. Jan 2022 20:21:50 CET | ID 570046221016891392] Sebitas: Tp cesarag122 -65 65 -127
[Mon, 17. Jan 2022 20:21:55 CET | ID 570046221016891392] Sebitas: Back cesarag122
[Mon, 17. Jan 2022 20:27:27 CET | ID 570046221016891392] Sebitas: Give Danilox07 xp 1
[Mon, 17. Jan 2022 20:27:58 CET | ID 570046221016891392] Sebitas: Give Danilox07 bottle_xp 1
[Mon, 17. Jan 2022 20:29:14 CET | ID 570046221016891392] Sebitas: Give Danilox07 experience_bottle 1
[Mon, 17. Jan 2022 20:29:38 CET | ID 570046221016891392] Sebitas: Give Danilox07 Minecraft:experience_bottle 1
[Mon, 17. Jan 2022 20:30:18 CET | ID 570046221016891392] Sebitas: Give Danilox07 bottle_experience 1
[Mon, 17. Jan 2022 20:30:54 CET | ID 570046221016891392] Sebitas: Give Danilox07 bottle enchanting 1
[Mon, 17. Jan 2022 20:43:21 CET | ID 570046221016891392] Sebitas: Tp ax221 -65 65 -127
[Mon, 17. Jan 2022 20:43:26 CET | ID 570046221016891392] Sebitas: Back ax221
[Mon, 17. Jan 2022 20:47:59 CET | ID 570046221016891392] Sebitas: Give ABreChaizZ quartz 1
[Mon, 17. Jan 2022 20:50:03 CET | ID 570046221016891392] Sebitas: Lightning mikamit
[Mon, 17. Jan 2022 20:50:54 CET | ID 570046221016891392] Sebitas: Lightning mikamint
[Mon, 17. Jan 2022 20:58:27 CET | ID 570046221016891392] Sebitas: Give lord_killer quartz 1
[Mon, 17. Jan 2022 21:12:09 CET | ID 570046221016891392] Sebitas: Tp mikamint -65 65 -127
[Mon, 17. Jan 2022 21:12:15 CET | ID 570046221016891392] Sebitas: Back mikamint
[Mon, 17. Jan 2022 21:18:28 CET | ID 570046221016891392] Sebitas: Tp mikamint nirmax
[Mon, 17. Jan 2022 21:24:12 CET | ID 570046221016891392] Sebitas: Tp Andersonjo -65 65 -127
[Mon, 17. Jan 2022 21:24:18 CET | ID 570046221016891392] Sebitas: Back Andersonjo
[Mon, 17. Jan 2022 21:50:38 CET | ID 570046221016891392] Sebitas: Effect
[Mon, 17. Jan 2022 21:51:21 CET | ID 570046221016891392] Sebitas: Effect mikamint regeneration 10
[Mon, 17. Jan 2022 21:52:31 CET | ID 570046221016891392] Sebitas: Effect mikamint regeneration 10 2
[Mon, 17. Jan 2022 22:01:55 CET | ID 570046221016891392] Sebitas: Effect mikamint mining 60 2
[Mon, 17. Jan 2022 22:03:23 CET | ID 570046221016891392] Sebitas: Effect mikamint haste 60 2
[Mon, 17. Jan 2022 22:05:44 CET | ID 570046221016891392] Sebitas: Effect mikamint haste 60 3
[Mon, 17. Jan 2022 22:28:57 CET | ID 570046221016891392] Sebitas: Effect mikamint haste 60 5
[Mon, 17. Jan 2022 22:59:32 CET | ID 570046221016891392] Sebitas: Effect lord_killer slow_falling 1
[Mon, 17. Jan 2022 23:12:23 CET | ID 570046221016891392] Sebitas: Tp annywhite -65 65 -127
[Mon, 17. Jan 2022 23:13:13 CET | ID 570046221016891392] Sebitas: Effect annywhite slow_falling 3
[Mon, 17. Jan 2022 23:17:00 CET | ID 570046221016891392] Sebitas: Effect Lord_killer slow_falling 60
[Mon, 17. Jan 2022 23:17:55 CET | ID 570046221016891392] Sebitas: Effect Lord_killer minecraft:slow_falling 30
[Mon, 17. Jan 2022 23:19:58 CET | ID 570046221016891392] Sebitas: Effect Lord_killer night_vision 30
[Mon, 17. Jan 2022 23:20:19 CET | ID 570046221016891392] Sebitas: Effect Lord_killer slow_falling 30
[Mon, 17. Jan 2022 23:21:05 CET | ID 570046221016891392] Sebitas: Effect lord_killer falling_slow 30
[Mon, 17. Jan 2022 23:23:17 CET | ID 570046221016891392] Sebitas: Tp annywhite -65 65 -127
[Mon, 17. Jan 2022 23:23:20 CET | ID 570046221016891392] Sebitas: Back annywhite
[Mon, 17. Jan 2022 23:24:45 CET | ID 570046221016891392] Sebitas: Effect Lord_killer minecraft:slow_falling 30
[Mon, 17. Jan 2022 23:26:28 CET | ID 570046221016891392] Sebitas: Effect annywhite minecraft:slow_falling 60
[Mon, 17. Jan 2022 23:39:59 CET | ID 570046221016891392] Sebitas: Effect mikamint 25 15
[Mon, 17. Jan 2022 23:55:18 CET | ID 570046221016891392] Sebitas: Effect nan96 3 20 5
[Mon, 17. Jan 2022 23:58:08 CET | ID 570046221016891392] Sebitas: Effect annywhite 25 60 5
