[Sat, 22. Jan 2022 02:46:27 CET | ID 570046221016891392] Sebitas: Back annywhite
[Sat, 22. Jan 2022 02:47:03 CET | ID 570046221016891392] Sebitas: Tp annywhite chepequique
[Sat, 22. Jan 2022 02:47:03 CET | ID 570046221016891392] Sebitas: Back annywhite
[Sat, 22. Jan 2022 05:32:40 CET | ID 570046221016891392] Sebitas: Lightning abu1601
[Sat, 22. Jan 2022 05:34:24 CET | ID 344693856505167894] NoSoyRubiuz: day
[Sat, 22. Jan 2022 05:35:19 CET | ID 570046221016891392] Sebitas: Lightning mikamint
[Sat, 22. Jan 2022 05:35:22 CET | ID 570046221016891392] Sebitas: Lightning mikamint
[Sat, 22. Jan 2022 07:26:03 CET | ID 570046221016891392] Sebitas: Give AnnyWhite pink tulip 1
[Sat, 22. Jan 2022 07:26:25 CET | ID 570046221016891392] Sebitas: Give AnnyWhite 38:7 1
[Sat, 22. Jan 2022 08:10:30 CET | ID 570046221016891392] Sebitas: Give AnnyWhite 10 30
[Sat, 22. Jan 2022 08:17:35 CET | ID 570046221016891392] Sebitas: Time set day
[Sat, 22. Jan 2022 08:25:25 CET | ID 570046221016891392] Sebitas: Effect annywhite 25 5
[Sat, 22. Jan 2022 08:32:19 CET | ID 570046221016891392] Sebitas: Effect annywhite 25 10
[Sat, 22. Jan 2022 08:43:23 CET | ID 570046221016891392] Sebitas: Effect annywhite 25 20
[Sat, 22. Jan 2022 09:12:05 CET | ID 570046221016891392] Sebitas: List
[Sat, 22. Jan 2022 09:45:21 CET | ID 570046221016891392] Sebitas: Lagg clear
[Sat, 22. Jan 2022 09:54:02 CET | ID 570046221016891392] Sebitas: Lightning valkryon365
[Sat, 22. Jan 2022 09:55:53 CET | ID 570046221016891392] Sebitas: tm broadcast HADES\nSu sacrificó no fue aceptado
[Sat, 22. Jan 2022 09:56:49 CET | ID 570046221016891392] Sebitas: Lightning 0phy
[Sat, 22. Jan 2022 09:57:40 CET | ID 570046221016891392] Sebitas: tm broadcast HADES\nHan sido muy bendecidos últimamente
[Sat, 22. Jan 2022 09:58:05 CET | ID 570046221016891392] Sebitas: Effect 0phy regeneration 40 5
[Sat, 22. Jan 2022 09:58:10 CET | ID 570046221016891392] Sebitas: Lightning 0phy
[Sat, 22. Jan 2022 09:58:21 CET | ID 570046221016891392] Sebitas: Lightning 0phy
[Sat, 22. Jan 2022 09:59:50 CET | ID 570046221016891392] Sebitas: tm broadcast HADES\nEstoy dispuesto a tradear contigo 0phy
[Sat, 22. Jan 2022 10:03:53 CET | ID 570046221016891392] Sebitas: List
[Sat, 22. Jan 2022 10:47:29 CET | ID 570046221016891392] Sebitas: Lagg clear
[Sat, 22. Jan 2022 10:47:37 CET | ID 570046221016891392] Sebitas: Lag
[Sat, 22. Jan 2022 10:49:44 CET | ID 932239734669983805] VippoTwitch: tm
[Sat, 22. Jan 2022 10:49:46 CET | ID 932239734669983805] VippoTwitch: pl
[Sat, 22. Jan 2022 10:49:52 CET | ID 932239734669983805] VippoTwitch: pl
[Sat, 22. Jan 2022 10:50:34 CET | ID 932239734669983805] VippoTwitch: tm bc &e&lKingdomsCraft\n&c...
[Sat, 22. Jan 2022 10:51:30 CET | ID 932239734669983805] VippoTwitch: tm bc &e&lKingdomsCraft\n&cCargando...
[Sat, 22. Jan 2022 12:09:02 CET | ID 570046221016891392] Sebitas: List
[Sat, 22. Jan 2022 12:16:44 CET | ID 570046221016891392] Sebitas: Give ABreChaizZ 406 3000
[Sat, 22. Jan 2022 12:17:56 CET | ID 570046221016891392] Sebitas: Give ABreChaizZ 406 3000
[Sat, 22. Jan 2022 12:18:00 CET | ID 570046221016891392] Sebitas: Give ABreChaizZ 406 3000
[Sat, 22. Jan 2022 12:18:17 CET | ID 570046221016891392] Sebitas: Give ABreChaizZ 406 3000
[Sat, 22. Jan 2022 12:18:31 CET | ID 570046221016891392] Sebitas: Give ABreChaizZ 406 3000
[Sat, 22. Jan 2022 12:18:48 CET | ID 570046221016891392] Sebitas: Give ABreChaizZ 406 3000
[Sat, 22. Jan 2022 12:19:04 CET | ID 570046221016891392] Sebitas: Give ABreChaizZ 406 3000
[Sat, 22. Jan 2022 12:19:33 CET | ID 570046221016891392] Sebitas: Give ABreChaizZ 406 3000
[Sat, 22. Jan 2022 12:19:55 CET | ID 570046221016891392] Sebitas: Give ABreChaizZ 406 3000
[Sat, 22. Jan 2022 12:20:24 CET | ID 570046221016891392] Sebitas: Give ABreChaizZ 406 3000
[Sat, 22. Jan 2022 12:20:44 CET | ID 570046221016891392] Sebitas: Give ABreChaizZ 406 3000
[Sat, 22. Jan 2022 12:20:59 CET | ID 570046221016891392] Sebitas: Give ABreChaizZ 406 3000
[Sat, 22. Jan 2022 12:21:15 CET | ID 570046221016891392] Sebitas: Give ABreChaizZ 406 3000
[Sat, 22. Jan 2022 12:21:38 CET | ID 570046221016891392] Sebitas: Give ABreChaizZ 406 3000
[Sat, 22. Jan 2022 12:22:04 CET | ID 570046221016891392] Sebitas: Give ABreChaizZ 406 3000
[Sat, 22. Jan 2022 12:22:20 CET | ID 570046221016891392] Sebitas: Give ABreChaizZ 406 3000
[Sat, 22. Jan 2022 12:22:34 CET | ID 570046221016891392] Sebitas: Give ABreChaizZ 406 3000
[Sat, 22. Jan 2022 12:22:43 CET | ID 570046221016891392] Sebitas: Give ABreChaizZ 406 3000
[Sat, 22. Jan 2022 12:25:58 CET | ID 570046221016891392] Sebitas: Give ABreChaizZ 406 3000
[Sat, 22. Jan 2022 12:26:16 CET | ID 570046221016891392] Sebitas: Give ABreChaizZ 406 3000
[Sat, 22. Jan 2022 12:26:52 CET | ID 570046221016891392] Sebitas: Give ABreChaizZ 406 3000
[Sat, 22. Jan 2022 12:27:17 CET | ID 570046221016891392] Sebitas: Give ABreChaizZ 406 3000
[Sat, 22. Jan 2022 12:27:30 CET | ID 570046221016891392] Sebitas: Give ABreChaizZ 406 3000
[Sat, 22. Jan 2022 12:28:11 CET | ID 570046221016891392] Sebitas: Give ABreChaizZ 406 3000
[Sat, 22. Jan 2022 12:28:37 CET | ID 570046221016891392] Sebitas: Give ABreChaizZ 406 3000
[Sat, 22. Jan 2022 12:29:26 CET | ID 570046221016891392] Sebitas: Give ABreChaizZ 406 3000Give ABreChaizZ 406 3000
[Sat, 22. Jan 2022 12:29:31 CET | ID 570046221016891392] Sebitas: Give ABreChaizZ 406 3000
[Sat, 22. Jan 2022 12:29:58 CET | ID 570046221016891392] Sebitas: Give ABreChaizZ 406 3000
[Sat, 22. Jan 2022 12:30:27 CET | ID 570046221016891392] Sebitas: Give ABreChaizZ 406 3000
[Sat, 22. Jan 2022 12:31:14 CET | ID 570046221016891392] Sebitas: Give ABreChaizZ 406 3000
[Sat, 22. Jan 2022 12:31:42 CET | ID 570046221016891392] Sebitas: Give ABreChaizZ 406 3000
[Sat, 22. Jan 2022 12:32:11 CET | ID 570046221016891392] Sebitas: Give ABreChaizZ 406 3000
[Sat, 22. Jan 2022 12:32:16 CET | ID 570046221016891392] Sebitas: Effect annywhite 25 10
[Sat, 22. Jan 2022 12:32:49 CET | ID 570046221016891392] Sebitas: Give ABreChaizZ 406 3000
[Sat, 22. Jan 2022 12:33:08 CET | ID 570046221016891392] Sebitas: Give ABreChaizZ 406 3000
[Sat, 22. Jan 2022 12:33:27 CET | ID 570046221016891392] Sebitas: Give ABreChaizZ 406 3000
[Sat, 22. Jan 2022 12:35:05 CET | ID 570046221016891392] Sebitas: Give ABreChaizZ 406 3000
[Sat, 22. Jan 2022 12:35:26 CET | ID 570046221016891392] Sebitas: Give ABreChaizZ 406 3000
[Sat, 22. Jan 2022 12:35:48 CET | ID 570046221016891392] Sebitas: Give ABreChaizZ 406 3000
[Sat, 22. Jan 2022 12:37:21 CET | ID 570046221016891392] Sebitas: Give ABreChaizZ 406 3000
[Sat, 22. Jan 2022 12:38:28 CET | ID 570046221016891392] Sebitas: Give ABreChaizZ 406 3000
[Sat, 22. Jan 2022 12:38:56 CET | ID 570046221016891392] Sebitas: Give ABreChaizZ 406 3000
[Sat, 22. Jan 2022 12:39:16 CET | ID 570046221016891392] Sebitas: Give ABreChaizZ 406 3000
[Sat, 22. Jan 2022 12:40:46 CET | ID 570046221016891392] Sebitas: Lightning LaeE3
[Sat, 22. Jan 2022 12:40:48 CET | ID 570046221016891392] Sebitas: Give ABreChaizZ 406 3000
[Sat, 22. Jan 2022 12:41:33 CET | ID 570046221016891392] Sebitas: Give ABreChaizZ 406 3000
[Sat, 22. Jan 2022 12:41:43 CET | ID 570046221016891392] Sebitas: Effect annywhite 25 10
[Sat, 22. Jan 2022 12:41:55 CET | ID 570046221016891392] Sebitas: Give ABreChaizZ 406 3000
[Sat, 22. Jan 2022 12:43:00 CET | ID 570046221016891392] Sebitas: Give ABreChaizZ 406 3000
[Sat, 22. Jan 2022 12:43:34 CET | ID 570046221016891392] Sebitas: Give ABreChaizZ 406 3000
[Sat, 22. Jan 2022 12:44:24 CET | ID 570046221016891392] Sebitas: Give ABreChaizZ 406 3000
[Sat, 22. Jan 2022 12:44:44 CET | ID 570046221016891392] Sebitas: Give ABreChaizZ 406 3000
[Sat, 22. Jan 2022 12:45:20 CET | ID 570046221016891392] Sebitas: Give ABreChaizZ 406 3000
[Sat, 22. Jan 2022 12:45:40 CET | ID 570046221016891392] Sebitas: Give ABreChaizZ 406 3000
[Sat, 22. Jan 2022 12:46:10 CET | ID 570046221016891392] Sebitas: Give ABreChaizZ 406 3000
[Sat, 22. Jan 2022 12:46:21 CET | ID 570046221016891392] Sebitas: Give ABreChaizZ 406 3000
[Sat, 22. Jan 2022 12:46:43 CET | ID 570046221016891392] Sebitas: Give ABreChaizZ 406 3000
[Sat, 22. Jan 2022 12:47:23 CET | ID 570046221016891392] Sebitas: Give ABreChaizZ 406 3000
[Sat, 22. Jan 2022 12:47:51 CET | ID 570046221016891392] Sebitas: Give ABreChaizZ 406 3000
[Sat, 22. Jan 2022 12:48:28 CET | ID 570046221016891392] Sebitas: Give ABreChaizZ 406 3000
[Sat, 22. Jan 2022 12:48:48 CET | ID 570046221016891392] Sebitas: Give ABreChaizZ 406 3000
[Sat, 22. Jan 2022 12:49:10 CET | ID 570046221016891392] Sebitas: Give ABreChaizZ 406 3000
[Sat, 22. Jan 2022 12:51:07 CET | ID 570046221016891392] Sebitas: Give ABreChaizZ 406 3000
[Sat, 22. Jan 2022 12:51:35 CET | ID 570046221016891392] Sebitas: Give ABreChaizZ 406 3000
[Sat, 22. Jan 2022 12:52:04 CET | ID 570046221016891392] Sebitas: Give ABreChaizZ 406 3000
[Sat, 22. Jan 2022 12:52:26 CET | ID 570046221016891392] Sebitas: Give ABreChaizZ 406 3000
[Sat, 22. Jan 2022 12:53:03 CET | ID 570046221016891392] Sebitas: Give ABreChaizZ 406 3000
[Sat, 22. Jan 2022 12:53:38 CET | ID 570046221016891392] Sebitas: Give ABreChaizZ 406 3000
[Sat, 22. Jan 2022 12:54:07 CET | ID 570046221016891392] Sebitas: Give ABreChaizZ 406 3000
[Sat, 22. Jan 2022 12:54:55 CET | ID 570046221016891392] Sebitas: Give ABreChaizZ 406 3000
[Sat, 22. Jan 2022 12:55:24 CET | ID 570046221016891392] Sebitas: Give ABreChaizZ 406 3000
[Sat, 22. Jan 2022 12:55:40 CET | ID 570046221016891392] Sebitas: Give ABreChaizZ 406 3000
[Sat, 22. Jan 2022 12:56:08 CET | ID 570046221016891392] Sebitas: Give ABreChaizZ 406 3000
[Sat, 22. Jan 2022 12:56:29 CET | ID 570046221016891392] Sebitas: tm broadcast KingdomsCraft\nTengo sueño duérmanse alv
[Sat, 22. Jan 2022 12:56:31 CET | ID 570046221016891392] Sebitas: Give ABreChaizZ 406 3000
[Sat, 22. Jan 2022 12:57:21 CET | ID 570046221016891392] Sebitas: List
[Sat, 22. Jan 2022 12:57:24 CET | ID 570046221016891392] Sebitas: Give ABreChaizZ 406 3000
[Sat, 22. Jan 2022 12:57:57 CET | ID 570046221016891392] Sebitas: Give ABreChaizZ 406 3000
[Sat, 22. Jan 2022 12:58:16 CET | ID 570046221016891392] Sebitas: Give ABreChaizZ 406 3000
[Sat, 22. Jan 2022 12:59:01 CET | ID 570046221016891392] Sebitas: Give ABreChaizZ 406 3000
[Sat, 22. Jan 2022 12:59:21 CET | ID 570046221016891392] Sebitas: Give ABreChaizZ 406 3000
[Sat, 22. Jan 2022 12:59:50 CET | ID 570046221016891392] Sebitas: Give ABreChaizZ 406 3000
[Sat, 22. Jan 2022 13:00:28 CET | ID 570046221016891392] Sebitas: Give ABreChaizZ 406 3000
[Sat, 22. Jan 2022 13:01:23 CET | ID 570046221016891392] Sebitas: Give ABreChaizZ 406 3000
[Sat, 22. Jan 2022 13:01:54 CET | ID 570046221016891392] Sebitas: Give ABreChaizZ 406 3000
[Sat, 22. Jan 2022 13:02:22 CET | ID 570046221016891392] Sebitas: Give ABreChaizZ 406 3000
[Sat, 22. Jan 2022 13:02:57 CET | ID 570046221016891392] Sebitas: Give ABreChaizZ 406 3000
[Sat, 22. Jan 2022 13:03:20 CET | ID 570046221016891392] Sebitas: Give ABreChaizZ 406 3000
[Sat, 22. Jan 2022 13:03:44 CET | ID 570046221016891392] Sebitas: Give ABreChaizZ 406 3000
[Sat, 22. Jan 2022 13:04:11 CET | ID 570046221016891392] Sebitas: Give ABreChaizZ 406 3000
[Sat, 22. Jan 2022 13:06:16 CET | ID 570046221016891392] Sebitas: Effect annywhite 25 15
[Sat, 22. Jan 2022 21:30:35 CET | ID 570046221016891392] Sebitas: Lag
[Sat, 22. Jan 2022 21:33:32 CET | ID 570046221016891392] Sebitas: List
[Sat, 22. Jan 2022 23:27:01 CET | ID 570046221016891392] Sebitas: List
[Sat, 22. Jan 2022 23:52:42 CET | ID 570046221016891392] Sebitas: Lag
