[Mon, 24. Jan 2022 02:40:34 CET | ID 570046221016891392] Sebitas: List
[Mon, 24. Jan 2022 02:45:56 CET | ID 899795714371108955] abracheizzzz: tps
[Mon, 24. Jan 2022 02:54:50 CET | ID 570046221016891392] Sebitas: Lagg clear
[Mon, 24. Jan 2022 03:01:56 CET | ID 899795714371108955] abracheizzzz: tps
[Mon, 24. Jan 2022 03:02:18 CET | ID 899795714371108955] abracheizzzz: lagg performance
[Mon, 24. Jan 2022 03:02:31 CET | ID 899795714371108955] abracheizzzz: lagg clear
[Mon, 24. Jan 2022 03:02:44 CET | ID 899795714371108955] abracheizzzz: lagg
[Mon, 24. Jan 2022 03:02:55 CET | ID 899795714371108955] abracheizzzz: lagg memory
[Mon, 24. Jan 2022 03:12:58 CET | ID 570046221016891392] Sebitas: List
[Mon, 24. Jan 2022 03:14:56 CET | ID 570046221016891392] Sebitas: List
[Mon, 24. Jan 2022 04:34:15 CET | ID 570046221016891392] Sebitas: List
[Mon, 24. Jan 2022 04:35:13 CET | ID 570046221016891392] Sebitas: List
[Mon, 24. Jan 2022 04:37:13 CET | ID 570046221016891392] Sebitas: List
[Mon, 24. Jan 2022 04:38:40 CET | ID 570046221016891392] Sebitas: List
[Mon, 24. Jan 2022 04:50:29 CET | ID 570046221016891392] Sebitas: Effect annywhite 18 30
[Mon, 24. Jan 2022 04:51:10 CET | ID 570046221016891392] Sebitas: Effect annywhite 18 30
[Mon, 24. Jan 2022 04:51:39 CET | ID 570046221016891392] Sebitas: Effect annywhite regeneration 60 5
[Mon, 24. Jan 2022 04:53:06 CET | ID 570046221016891392] Sebitas: Effect annywhite regeneration 60 5
[Mon, 24. Jan 2022 04:57:46 CET | ID 570046221016891392] Sebitas: tm broadcast KingdomsCraft\nyametekudasai
[Mon, 24. Jan 2022 04:57:51 CET | ID 570046221016891392] Sebitas: List
[Mon, 24. Jan 2022 04:57:56 CET | ID 570046221016891392] Sebitas: Lag
[Mon, 24. Jan 2022 07:40:27 CET | ID 570046221016891392] Sebitas: List
[Mon, 24. Jan 2022 07:48:31 CET | ID 570046221016891392] Sebitas: Lagg clear
[Mon, 24. Jan 2022 08:17:54 CET | ID 570046221016891392] Sebitas: List
[Mon, 24. Jan 2022 08:51:49 CET | ID 570046221016891392] Sebitas: Effect ckimba 25 10
[Mon, 24. Jan 2022 09:02:23 CET | ID 570046221016891392] Sebitas: Give AnnyWhite 327 20
[Mon, 24. Jan 2022 09:04:57 CET | ID 570046221016891392] Sebitas: Give AnnyWhite 327 40
[Mon, 24. Jan 2022 09:11:21 CET | ID 570046221016891392] Sebitas: Give AnnyWhite 95:6 64
[Mon, 24. Jan 2022 09:24:09 CET | ID 570046221016891392] Sebitas: Give AnnyWhite 325 30
[Mon, 24. Jan 2022 09:28:45 CET | ID 570046221016891392] Sebitas: Give el_tonny 325 30
[Mon, 24. Jan 2022 10:11:55 CET | ID 570046221016891392] Sebitas: Effect annywhite regeneration 10 3
[Mon, 24. Jan 2022 10:20:27 CET | ID 570046221016891392] Sebitas: Give AnnyWhite 95:6 60
[Mon, 24. Jan 2022 10:31:04 CET | ID 570046221016891392] Sebitas: Give AnnyWhite 95:6 61
[Mon, 24. Jan 2022 10:33:32 CET | ID 570046221016891392] Sebitas: Effect annywhite regeneration 10 5
[Mon, 24. Jan 2022 10:36:13 CET | ID 570046221016891392] Sebitas: Effect annywhite regeneration 10 5
[Mon, 24. Jan 2022 10:36:50 CET | ID 570046221016891392] Sebitas: Kick el_tonny
[Mon, 24. Jan 2022 12:40:16 CET | ID 899795714371108955] abracheizzzz: lightning laee3
[Mon, 24. Jan 2022 20:28:11 CET | ID 570046221016891392] Sebitas: Give rubiuzch 52 1
[Mon, 24. Jan 2022 20:28:22 CET | ID 570046221016891392] Sebitas: Give rubiuzch 383:51 1
[Mon, 24. Jan 2022 22:21:32 CET | ID 570046221016891392] Sebitas: List
