[Sun, 23. Jan 2022 00:02:45 CET | ID 570046221016891392] Sebitas: List
[Sun, 23. Jan 2022 00:28:29 CET | ID 570046221016891392] Sebitas: Give abu1601 130 2
[Sun, 23. Jan 2022 00:31:36 CET | ID 570046221016891392] Sebitas: Give abu1601 130 1
[Sun, 23. Jan 2022 00:34:35 CET | ID 570046221016891392] Sebitas: Give abu1601 130 1
[Sun, 23. Jan 2022 00:34:57 CET | ID 570046221016891392] Sebitas: Time set day
[Sun, 23. Jan 2022 00:35:53 CET | ID 570046221016891392] Sebitas: Give abu1601 278 1
[Sun, 23. Jan 2022 00:37:14 CET | ID 570046221016891392] Sebitas: Give abu1601 130 1
[Sun, 23. Jan 2022 00:47:01 CET | ID 570046221016891392] Sebitas: Lagg clear
[Sun, 23. Jan 2022 01:00:29 CET | ID 570046221016891392] Sebitas: Lagg clear
[Sun, 23. Jan 2022 01:07:11 CET | ID 570046221016891392] Sebitas: Lagg clear
[Sun, 23. Jan 2022 01:10:33 CET | ID 570046221016891392] Sebitas: Lag
[Sun, 23. Jan 2022 01:24:55 CET | ID 570046221016891392] Sebitas: List
[Sun, 23. Jan 2022 01:26:03 CET | ID 570046221016891392] Sebitas: Lagg clear
[Sun, 23. Jan 2022 01:26:08 CET | ID 570046221016891392] Sebitas: Lag
[Sun, 23. Jan 2022 01:40:57 CET | ID 570046221016891392] Sebitas: Tp Conchaz -65 65 -127
[Sun, 23. Jan 2022 01:41:00 CET | ID 570046221016891392] Sebitas: Back Conchaz
[Sun, 23. Jan 2022 02:19:41 CET | ID 570046221016891392] Sebitas: List
[Sun, 23. Jan 2022 02:21:09 CET | ID 570046221016891392] Sebitas: Tp Dannymt -65 65 -127
[Sun, 23. Jan 2022 02:21:14 CET | ID 570046221016891392] Sebitas: Back Dannymt
[Sun, 23. Jan 2022 02:59:23 CET | ID 570046221016891392] Sebitas: Kick itsLeay
[Sun, 23. Jan 2022 03:04:46 CET | ID 570046221016891392] Sebitas: Tp Dannymt annywhite
[Sun, 23. Jan 2022 03:08:29 CET | ID 570046221016891392] Sebitas: Effect 0phy 25 5
[Sun, 23. Jan 2022 03:44:49 CET | ID 570046221016891392] Sebitas: Lagg clear
[Sun, 23. Jan 2022 03:46:05 CET | ID 570046221016891392] Sebitas: Lightning eljeambriz
[Sun, 23. Jan 2022 03:55:21 CET | ID 570046221016891392] Sebitas: Lightning gonq
[Sun, 23. Jan 2022 03:55:29 CET | ID 570046221016891392] Sebitas: Lightning gonq
[Sun, 23. Jan 2022 04:38:07 CET | ID 570046221016891392] Sebitas: List
[Sun, 23. Jan 2022 07:20:25 CET | ID 570046221016891392] Sebitas: List
[Sun, 23. Jan 2022 09:26:51 CET | ID 570046221016891392] Sebitas: Effect abu1601 regeneration 30 5
[Sun, 23. Jan 2022 09:26:59 CET | ID 570046221016891392] Sebitas: Lightning abu1601
[Sun, 23. Jan 2022 09:27:02 CET | ID 570046221016891392] Sebitas: Lightning abu1601
[Sun, 23. Jan 2022 09:27:04 CET | ID 570046221016891392] Sebitas: Lightning abu1601
[Sun, 23. Jan 2022 09:27:05 CET | ID 570046221016891392] Sebitas: Lightning abu1601
[Sun, 23. Jan 2022 09:27:06 CET | ID 570046221016891392] Sebitas: Lightning abu1601
[Sun, 23. Jan 2022 09:27:06 CET | ID 570046221016891392] Sebitas: Lightning abu1601
[Sun, 23. Jan 2022 09:27:07 CET | ID 570046221016891392] Sebitas: Lightning abu1601
[Sun, 23. Jan 2022 09:27:09 CET | ID 570046221016891392] Sebitas: Lightning abu1601
[Sun, 23. Jan 2022 09:27:10 CET | ID 570046221016891392] Sebitas: Lightning abu1601
[Sun, 23. Jan 2022 09:27:10 CET | ID 570046221016891392] Sebitas: Lightning abu1601
[Sun, 23. Jan 2022 09:28:18 CET | ID 570046221016891392] Sebitas: Effect abu1601 25 5
[Sun, 23. Jan 2022 11:42:24 CET | ID 570046221016891392] Sebitas: give 0phy poppy 1
[Sun, 23. Jan 2022 11:43:41 CET | ID 570046221016891392] Sebitas: give 0phy 38:2 1
[Sun, 23. Jan 2022 11:44:07 CET | ID 570046221016891392] Sebitas: give 0phy 38:8 1
[Sun, 23. Jan 2022 11:44:34 CET | ID 570046221016891392] Sebitas: give 0phy 38:7 1
[Sun, 23. Jan 2022 11:45:00 CET | ID 570046221016891392] Sebitas: give 0phy 38:6 1
[Sun, 23. Jan 2022 11:45:20 CET | ID 570046221016891392] Sebitas: give 0phy 38:5 1
[Sun, 23. Jan 2022 11:45:44 CET | ID 570046221016891392] Sebitas: give 0phy 38:4 1
[Sun, 23. Jan 2022 11:46:04 CET | ID 570046221016891392] Sebitas: give 0phy 38:3 1
[Sun, 23. Jan 2022 11:46:30 CET | ID 570046221016891392] Sebitas: give 0phy 37 1
[Sun, 23. Jan 2022 11:46:39 CET | ID 570046221016891392] Sebitas: give 0phy poppy 1
[Sun, 23. Jan 2022 11:47:28 CET | ID 570046221016891392] Sebitas: give 0phy poppy 1
[Sun, 23. Jan 2022 11:47:31 CET | ID 570046221016891392] Sebitas: List
[Sun, 23. Jan 2022 11:47:47 CET | ID 570046221016891392] Sebitas: give 0phy 38:2 1
[Sun, 23. Jan 2022 11:48:51 CET | ID 570046221016891392] Sebitas: Effect 0phy 25 5
[Sun, 23. Jan 2022 11:48:53 CET | ID 570046221016891392] Sebitas: List
[Sun, 23. Jan 2022 11:49:03 CET | ID 570046221016891392] Sebitas: List
[Sun, 23. Jan 2022 12:33:03 CET | ID 899795714371108955] abracheizzzz: lp editor
[Sun, 23. Jan 2022 12:35:13 CET | ID 899795714371108955] abracheizzzz: lp help
[Sun, 23. Jan 2022 12:35:44 CET | ID 899795714371108955] abracheizzzz: lp group
[Sun, 23. Jan 2022 12:36:05 CET | ID 899795714371108955] abracheizzzz: lp group info
[Sun, 23. Jan 2022 12:36:27 CET | ID 899795714371108955] abracheizzzz: lp group info
[Sun, 23. Jan 2022 12:36:46 CET | ID 899795714371108955] abracheizzzz: /lp group dios info
[Sun, 23. Jan 2022 12:37:06 CET | ID 899795714371108955] abracheizzzz: lp group dios info
[Sun, 23. Jan 2022 12:37:28 CET | ID 899795714371108955] abracheizzzz: lp help
[Sun, 23. Jan 2022 12:53:06 CET | ID 899795714371108955] abracheizzzz: lp applyedits 0jWUDNvfpG
[Sun, 23. Jan 2022 13:25:37 CET | ID 899795714371108955] abracheizzzz: storm
[Sun, 23. Jan 2022 13:26:20 CET | ID 899795714371108955] abracheizzzz: storm 1
[Sun, 23. Jan 2022 13:27:02 CET | ID 899795714371108955] abracheizzzz: storm 1 storm
[Sun, 23. Jan 2022 22:40:18 CET | ID 570046221016891392] Sebitas: List
[Sun, 23. Jan 2022 22:58:31 CET | ID 570046221016891392] Sebitas: List
[Sun, 23. Jan 2022 23:00:32 CET | ID 570046221016891392] Sebitas: Lag
[Sun, 23. Jan 2022 23:03:53 CET | ID 570046221016891392] Sebitas: Give CharlyWatson poppy 1
[Sun, 23. Jan 2022 23:06:09 CET | ID 570046221016891392] Sebitas: List
[Sun, 23. Jan 2022 23:44:29 CET | ID 570046221016891392] Sebitas: Lagg clear
[Sun, 23. Jan 2022 23:47:38 CET | ID 570046221016891392] Sebitas: Lagg clear
